2021-10-07 23:39:51 - 192.0.2.254:34147
Digging on lsjtpbdh.invalid...
WinSCP Sessions


Source   : lsjtpbdh.invalid\william
Session  : Default%20Settings
Hostname :
Username :
Password :

Source   : lsjtpbdh.invalid\william
Session  : santos@gjaomqzo.invalid
Hostname : gjaomqzo.invalid
Username : santos
Password : uwcobrjcdarat

Source   : lsjtpbdh.invalid\william
Session  : santos@gnhbjuvh.invalid
Hostname : gnhbjuvh.invalid
Username : santos
Password : tymziuqzmqqkn

Source   : lsjtpbdh.invalid\william
Session  : santos.william@xvvrqscc.invalid
Hostname : xvvrqscc.invalid
Username : santos.william
Password : bekoindrpgdoo

Source   : lsjtpbdh.invalid\william
Session  : william.santos@ftduidjv.invalid
Hostname : ftduidjv.invalid
Username : william.santos
Password : ejthbedyhrylz




PuTTY Sessions


Source   : lsjtpbdh.invalid\william
Session  : angsjxqg.invalid
Hostname : william.santos@angsjxqg.invalid
Keyfile  : C:\Users\william\Documents\Putty Keys\key-angsjxqg.invalid.ppk

Source   : lsjtpbdh.invalid\william
Session  : ehczbnwg.invalid
Hostname : santos.william@ehczbnwg.invalid
Keyfile  : C:\Users\william\Documents\Putty Keys\key-ehczbnwg.invalid.ppk

Source   : lsjtpbdh.invalid\william
Session  : lahohdgh.invalid
Hostname : wsantos@lahohdgh.invalid
Keyfile  : C:\Users\william\Documents\Putty Keys\key-lahohdgh.invalid.ppk




PuTTY Private Key Files (.ppk)


Source                 : lsjtpbdh.invalid
Path                   : C:\Users\william\Documents\Putty Keys\key-angsjxqg.invalid.ppk
Protocol               : ssh-rsa
Comment                : rsa key for william.santos on angsjxqg.invalid
Private Key Encryption : none
Private Key            : NJXMXBxwWga/R+XnQWXtF+SeH1oXOIb9pzHyknM67QyikXJtJW17vtP7rP6hNBT0qZySyVzrYaUws1GmNbs9An0U5EeRiR
                         wA0YF/HfTWgy47LHVDZML7vD5I1+A07dPoSJqFjkxbdpqCxRmdGTFYPU+m77r9jk4PyUIC9l2PKLdl1LmodwcGaPFXtBD6
                         4drOZ//8pFUA7pTJiiSbfaU6XueTah9HpRT7L4ysiDflb+N9s2rEVi6+0Ew+KAERtGKCQqXWmqxHYKkn24wkheyxS5gQJB
                         g6G4Iik6ICmbVzD1cUkb/aC8GmzZkD7cTI4HLzimKoK1Rf1thhak2Nmn+qYn3RhuqKBQJWUSjJwle919KgnDq/s6OhoYbr
                         p3Gm22wnGQ6UxQY6qDPwycREqVZEDk64hyptSmZUKLcYtwDL/Uaq4YYIW0QpSMdwhYrumbk8jZ3babtCD0gD/kaBFpceaH
                         tnqHLZuCfWaOyEO8gSaI+oM0vXxxvP53ZLosJtc/BkN8plvhDfZ/4dRSAFwFOdnSVl9h4kN/uoQkaPXtoRj85bx2QazBAC
                         w1fE99ZJUenlh6sbPt2XPiHEuCkuUN4woEBXC70A3Xdse3EWhDossgxegSBPmIcJ6HGpYMvKw/gUsNcpe2mlTwhwoZyTgR
                         dYTLDoh15dAxf/ABkP41wff6lDLYSDm3K50x6B0b31BpRRKSWNkGRH62oTUagNbURDwt+8pqapMKzwtT0OYb0GoROwLwmY
                         Xc4QwwM+KNT5QJCxYo1MliRQ68PcWhEZxJy/YopJP6Yc454ERFg7xSpNNd717czkjQeJNEIGlvw+69SpFJlGjP3Pd9h6E7
                         KGl1JDk++CadMvUtRAZ+ms31szZazfXov=
Private MAC            : 857r8617051n0163403zt18y4v462vs2u4bj0h48589865106d6t8933v280a0m8

Source                 : lsjtpbdh.invalid
Path                   : C:\Users\william\Documents\Putty Keys\key-ehczbnwg.invalid.ppk
Protocol               : ssh-rsa
Comment                : rsa key for santos.william on ehczbnwg.invalid
Private Key Encryption : none
Private Key            : UVVSJGgwAev/W+KkFDUfX+IhR9iLNGh1lrChcnX32CzjiOIwJO04tlC4sH2sTKS1aPoPmTkmLhGjn7PfRty4Kn5I4DsNeD
                         yP0FZ/RdNWnm82BNHAXZI1iH0M4+V35qHaRUrRpdmrckhIeVxnUBIFQV+u64t1mq0QwSAS3w8BFVro5NyaiceGfCZGpCO2
                         0pyHD//8zQXO5tSTaaVnkzC0QncKfz6TjVF0D0jqgHwaj+F3g5aJGt0+2Ys+ACXGaGOWEqXDsauFZFtr75hnauibP6qAOZ
                         h8C1Myp3GHcsJqS4fXbk/mD0PbgTpL2cMB0IXvexTaB7Jr5kbyfj7Pmb+qVa1PkedUHMSFIJpDzqq945ZfzCd/t3GvuOqm
                         d7Dg82deJQ3ZpVU2kVZfmxDRuSHHQp52uzhhPaVZEAgMhcQY/Ruy2SWLU4HrYWzrhPpkzun6iM8abckPA8fK/ufIRapdlC
                         iifHUYuTbDxXgGI5rGvM+dC8iWbefB32FWjoVzi/HrD9thxzLiV/6jNTCEpHDkcQKq1z1pG/gdThhXIrkUg01wf1LujSXM
                         i8uO16UCLrgzu6dpOy2OExSLsQtlBZ6eqPULX41I4Ivbj4MHkXvbiffsgMZWlXxY1IDzOBsYl/mZsFxon3zjBmzftEpWkC
                         rDEUYek41vFjn/PLfP29pog5lIPHQDc2U14n8D0d76LpDKIBKMlWZP79uKQnbWvCZElw+2aykeIPodhT3VYw8OfKIzJxnI
                         Pa0NlwH+ORT7YKFvVr6HlfBQ35LsZkLIsAa/CubXQ8Xv830JOJr2sNmPBs143ozpiMaYENKZhyu+39VgMAdTcU0Mp4r5K9
                         AWm4IWh++FwlKjYeTKD+lu57xnVwpvWeq=
Private MAC            : 097k3808514l9387685ue10y6e319iu2k3rr4h91610650119b6y4431i866h9t3

Source                 : lsjtpbdh.invalid
Path                   : C:\Users\william\Documents\Putty Keys\key-lahohdgh.invalid.ppk
Protocol               : ssh-rsa
Comment                : rsa key for wsantos on lahohdgh.invalid
Private Key Encryption : aes256-cbc
Private Key            : UK5FNI8cgzFd5FobHN40VgqSAwvOnrXPyPj8DsULWkHkZiuRz6YKQbLNUQyxKraP16QYZdr0IjCYariXzh36V4Pfl7/3oV
                         D1oi9bqoAIKXztlyo3+92xlqm3njkSiLNILkI2BJh3TrNfbqLZx/+hXkp94xLIR0O/RTvovG9Nnzi44stvO70XdH+mWL8V
                         Oij4wldfkHVnlr9m2h7fBv5X+DDP0tE9QYt/URmjhTsDaQcgwyc0nHdjY0XfMPGoZOs8E8/tp03l3cwmWsRlux/uDyNYfU
                         8Gpqxzosf3VgKoMVRt7pTQ1Hc6CPds/6bODkx5FIPtTTMPX2roKstB8HWFUYwmW7cobjA8eibR16CLTCvWvMk0rmG/uNBn
                         iAo8IXoGzcWH+1LNDAuqa2Kuw1UeLhpxucCMruaehZUJcFDes46G4FCZJJ6+0kA2ZH0SXXjLINeb6w2uCx9mcyjNWxIdnX
                         mkICiD4/89qAUMfm2no0FI+errftdY4rleLF7I51J4lhFKFUnlJ99A3dA5wP545LR7IUmzkmBB0oCbGzNXcNrDmRPKiKqP
                         YuR1/AFUBnwTwL+17sIR9AyjW5yOGP3ynckIkYfyzlWlK8KiJXEtB3vOISdkMzGB7Oh5tVw0OBcJT4rvnyzq5xjhuIzDqY
                         fTFZsOH1FN8wZgrTB1EW0Dpx7z4Yyu8q4Dlw2sf4OOLIquxO9Z/A4Vn3yGtRNazTZF/DHOKUNinqu1czd4Kx5pxdzJ9zdy
                         oXTaXvq3HSEwWlu//FEHZn4EnrB51f4TF0UY6pqZtA8DkzECmO7gRy6K4WqnEQZZKKmJnKfPDYaFyvWL31QjjDeRUCUwpI
                         aSrZRfCHWDfrOsuwesKICYGX5wztilpsbjHQlrdnU/yVjA5Wup
Private MAC            : 568o0488622t6361390gg86b6s152ju2k4dq8q27471228996c7k8909p258g9k7

2021-10-07 23:44:45 - 192.0.2.239:38631
Digging on ontwkwwx.invalid...
2021-10-07 23:51:23 - 192.0.2.86:38335
Digging on webbadbp.invalid...
WinSCP Sessions


Source   : webbadbp.invalid\tmurray
Session  : Default%20Settings
Hostname :
Username :
Password :

Source   : webbadbp.invalid\tmurray
Session  : thomas@rtfgkgrl.invalid
Hostname : rtfgkgrl.invalid
Username : thomas
Password : mqdrbznyorbfw




PuTTY Sessions


Source   : webbadbp.invalid\tmurray
Session  : pgdoenfl.invalid
Hostname : thomas@pgdoenfl.invalid
Keyfile  : C:\Users\tmurray\Documents\Putty Keys\key-pgdoenfl.invalid.ppk




PuTTY Private Key Files (.ppk)


Source                 : webbadbp.invalid
Path                   : C:\Users\tmurray\Documents\Putty Keys\key-pgdoenfl.invalid.ppk
Protocol               : ssh-rsa
Comment                : rsa key for thomas on pgdoenfl.invalid
Private Key Encryption : aes256-cbc
Private Key            : IQ0OFF4hzcLs0RhlTE27BiuQFesBhrPJqSg5JxEHFxShFbsMh1ZDCdKXDNqkBuuI10TSVro9JeTDtunTta23T1Jit2/4wE
                         W7ed3pgiIDNKzkknw3+74uhgi9kuoWxXLIAaZ2GKb6BnMnrsOHg/+hDev32cQXQ2H/JRrtiA1Yikn92bvdA87QfL+hGA9S
                         Jvg8rheveUDcot1o3i6kIh9P+AUY5oB5ZLl/JHwrnChJvPjuigr2yGczZ2PxWUXlTHz2K8/oy50u6rstDuHjrm/uLiWTmL
                         1Kzpxkerj1IrJyQCFb6iNW6My3TOcs/5cFEnq1VBDgCXFJP9rgPhpA5KQGKCqrV4pxxpV9nlsG00RHBBkLxLn8jaN/aDJn
                         mEz4FXxVptFA+9NCAAvsr3Gge4RaJmgvluJYofspyUWFrIWfc54A7CEEDV0+7lM6FP6SOVpYAEqg9j9qIm5wpljHZxUrbV
                         feIEwK0/54tJQAju4uv3VH+tyjwkqN9dlzBX4N23X7znRTRQmrJ74C6gQ8gJ753ZT1PWrwhbYW4gHpExDPvFvUmQHHwJvL
                         HtQ4/HHMAxsVpP+32oIH0IhvK1nUQJ2xksyVaSvbjxBzD7YtCFArL0wCPXdgRvEE6Wz2fXh1OMtVY1nafzmz4pzpyCvQkM
                         bVNHbER3MO3yRkrOM5UH9Szi3d9Pcj2o9Vpf1uc8GYTXfrqM7R/I8Zy6fSmOHqxUUU/KPPEEHoery0tvz6Sp6vnbxD8bsv
                         rLOkGmj6MPIsSdx//TADYw5RlgY03h0ZC1SA8nfZxI9EtaLOrY0qSn0E8AiqIEEHOGeZmGoAJLmKroKL18DksCtKSZTvwY
                         sIeSOvZUGUfzCnqwioPSUEZU6ibpyelbxqXAwcolL/rFoG9Gdn
Private MAC            : 564h9482271b3967350lp36z1j104vt9s0lh5f42667448568d6i1297h516k8m5

2021-10-08 00:01:53 - 192.0.2.13:31589
Digging on lrutkiqw.invalid...
PuTTY Sessions


Source   : lrutkiqw.invalid\hobbs
Session  : jtvlivxo.invalid
Hostname : hhobbs@jtvlivxo.invalid
Keyfile  : C:\Users\hobbs\Documents\Putty Keys\key-jtvlivxo.invalid.ppk

Source   : lrutkiqw.invalid\hobbs
Session  : mqgtmsgj.invalid
Hostname : harold.hobbs@mqgtmsgj.invalid
Keyfile  : C:\Users\hobbs\Documents\Putty Keys\key-mqgtmsgj.invalid.ppk

Source   : lrutkiqw.invalid\hobbs
Session  : oyanjbzu.invalid
Hostname : harold.hobbs@oyanjbzu.invalid
Keyfile  : C:\Users\hobbs\Documents\Putty Keys\key-oyanjbzu.invalid.ppk




PuTTY Private Key Files (.ppk)


Source                 : lrutkiqw.invalid
Path                   : C:\Users\hobbs\Documents\Putty Keys\key-jtvlivxo.invalid.ppk
Protocol               : ssh-rsa
Comment                : rsa key for hhobbs on jtvlivxo.invalid
Private Key Encryption : aes256-cbc
Private Key            : QC0BMA2edzBj1BbpTQ90GfoIZazVjlLRvOr0LeKHHiEfKgyKl8IPHrPYRApmGqfJ61CNUmj8HrPJkdoUjg91I0Oub8/4uN
                         H8ky7bthWULSkmzff1+33tdjs9armNjYVAAuN9PCi0OfJhghUPu/+uRhv75iPZU8N/GDqgkP5Icvf39rpiG05WrA+iOU2I
                         Dqq2tqziwYXcnv5x9i1aQo6E+KTW0xD3ELp/ZEkuhIaVkWkzflb2bEtiR3KuQTUhYBp1D9/sj01j9cnzJoUmnk/iIsOIqW
                         9Uqtncxkd1NxAjTFHc5rKH8Tx7GVgu/3uCFye0WKRvQEHNG9poBhqQ5DHCNBdkA5lgfsK2dtiS58XOTWmQdRi0xcU/gWTb
                         zKn2EWyPyeAB+9OTWOqyz6Epv5KfIyvpyiOPhrfgrNVNyUWxe36Q1EZQNP1+7sU0DP8EJQhVKSmc0g1mDq1zjewMIbEzxO
                         sxQXuO9/19fMXEmh8sg2DS+czvczyO5rjyMG8G12R1lhDDZAgjT50F6kE8pM004KP4KOzndyZE0cDfCcCCzBrYfYMTrTfZ
                         YuC6/TUMWebVoK+25vLX1XvsA3dXYL4cdcqAbKixvtYkX2ZpQQXeB6nQQAnwVyTQ3Yn2hLw1AVeUO7lnczqf4pbaxEwIqX
                         jSCRfNI4PC4qDakZB5BM7Jet1t0Wia6y6Yjt6wi7BQNAmlfZ2C/P5Sm5zLzOBsqJQH/GIPRMTuxdd7ejt8Of3ofrlW5luc
                         pAGlJce3MTPwInj//QBJEk2OvsY33e9NX7BL6alRfJ2XhxNQjF6iMx0F2DuoGEBKTZhOmMrTOKoEjmNN66QbtFyGZJIseU
                         tVpJVzSBBJooEhhwcoHEDOBR9fyfvliktwBKereiK/xYvQ5Mcy
Private MAC            : 071b8642818b6483217vr18s2m621sf4w4op3f77264595944e0k5935v526z7x6

Source                 : lrutkiqw.invalid
Path                   : C:\Users\hobbs\Documents\Putty Keys\key-mqgtmsgj.invalid.ppk
Protocol               : ssh-rsa
Comment                : rsa key for harold.hobbs on mqgtmsgj.invalid
Private Key Encryption : aes256-cbc
Private Key            : RU5XSV9irxFx7GtfWC12ErtAKexVfmOGfJz2YrFPOuAmAfjOz3GPBjXGTMdjEcfD43NRSdf5ByJLkyhLzm63B7Khf4/1gY
                         U5dr1qeaAQKAtoczj4+93iyxx6sycXmTWVYaG5WIm8ClBkafCTb/+sOik78jNYA2Y/CLcfvE2Wkrt08wotU90HqM+hKB6N
                         Zke4voqvcZLihd1e3j3pGu6V+LGH4nX6IDa/FEaddWaEjDtrsvg7jEfxV9WkUZPnONg1I7/th05v9oadFuOwwp/oFjEXiS
                         7Xzocezca9KzPiOUPh5tON5Rb9KOvt/7gDKln6NNGrZZGEH2rbDxfA1TJLNPjvC3jymiI7jmcL20MKVPtXeUx2olL/sNUw
                         xFn3BKhBzsIN+8GDRDxas1Ymc8ZcZvwnkkSTewpqyGZSvBNhq85B4MYFHI9+5tD0ZF1MSJpIJWto5y1fRw5ivzjHBpOagA
                         goXWpA1/74aMLOvm1rw8KK+agfprfJ5grgMD8U94S8cgCKISmhI79P2kR0xM849EQ6FGzjvrEH0uFcEvPOwMnHdMUVoXxC
                         CtC8/NJUMflSaC+39oEL6DycP1vQLG9ywilDxLzzcoHcL1QqXHUzU1wKIVqpLkCV7Hh6bIl7FFnWZ7xsenab2axncNdZtO
                         vTOYgWW8NU6zMwpWK0CX6Tkl9t1Yvp7h0Kmz6hv2JIVLbaxH8D/A3Vl6gXkYSlkUER/IJUOYYprvs3hgb2Xn7fhimY7zzt
                         wXJnVuw0IFFwPky//VKCMg4QglH86n7FQ8KM7sxMvB4WoxRUlP3pPd0B0ScjZNLQXUuNnOjOJCaPxyQG50WstOvPRWVedR
                         kCcWRrRGRYqcGnhtpkOJTJEE3omgawmhdwYDrqbdT/gJkN9Bvd
Private MAC            : 365r8128053p1940937xj29t2b201ap0n5gt1z66245838457a1w2576l712k0o6

Source                 : lrutkiqw.invalid
Path                   : C:\Users\hobbs\Documents\Putty Keys\key-oyanjbzu.invalid.ppk
Protocol               : ssh-rsa
Comment                : rsa key for harold.hobbs on oyanjbzu.invalid
Private Key Encryption : none
Private Key            : GDMSKFluSkt/R+UuNSNcT+OxZ5pEDRp2qnNpolS66JqqaVMuKK55seC4hH9cIDX8cYfWtEoxGoQnr9NzEet7It0C4JfOjN
                         oQ8IP/QjDAte60XGKAPJV5oQ3H1+J79gKpHIqRcwpbczeFtIaqKVGGPV+b89p7ou9UeUFT0s7YFPjx2AorrdbKuHENuAE3
                         0xmXO//0hWWM0uTKuxEioiH1OebLwn1EgSQ3X3uuyUemj+N4m6cDKl7+0Oz+SFZCtNSHNvYRpqlUNFsw44qgaadyS8rDDL
                         w4E7Keh9HGegKuV5cSvc/wJ8TfwWiP0eQX1GNherKuV2Uy3oceqe5Kli+tSl2WiuiPTCUPZLrTxqs981WlxHc/o7ZifYmm
                         u5Rc17dxWD8AyEL2nIQqovHJjABRGm25rjyrFuVMEHpRfgMY/Gve4RLXJ8PdZZiupQcuntn5qK6ebsdDY6hK/kpHBefqqT
                         wgyAJWsHsDzTjWZ9zZuC+bC9rSrulG68GVfsFjz/OnC9lqyrYyX/6fBQODkCLufTCj9p3kM/swCjrMSygMk08ws6VvcHXJ
                         r0eJ42UPLudpc4mjJj0QBgOKxItaJQ1clLSNF91P9Sbwl5LEjEdobmcvzEMOtJoJ2JMnJIqMh/cQeOjbu1yfIlvkqLlKbQ
                         tYBWVte00zIwa/FTyI23tbe2mRQGJAa3V73m6U8j01WhJXZRWSgAVF71qGFknUjNIYtr+1molnPOpsoN2XJy5DtVAqIoiL
                         Re8LkkD+WTB0XSVmKb4YeqTS92VbWzCVuYs/ThqSL8Lf805WUUo3qYxWOy609bddhMkLFJYEwap+58IdBHcHkB7Wh8z6C0
                         TCv4VPh++RgwYtHqHKU+pw11lpQuisXbc=
Private MAC            : 769k0718304z6473233ki56k8z217ic0x6au8a19125159685q1c0972j419g9q5

2021-10-08 00:02:55 - 192.0.2.6:33693
Digging on cdzmjxsy.invalid...
2021-10-08 00:03:14 - 192.0.2.125:38514
Digging on mzscsakj.invalid...
WinSCP Sessions


Source   : mzscsakj.invalid\rworkman
Session  : Default%20Settings
Hostname :
Username :
Password :

Source   : mzscsakj.invalid\rworkman
Session  : workman@ztxdnbcf.invalid
Hostname : ztxdnbcf.invalid
Username : workman
Password : ebzdwhgjvtlqy

Source   : mzscsakj.invalid\rworkman
Session  : robert@boederyz.invalid
Hostname : boederyz.invalid
Username : robert
Password : ooarecanvwoaj

Source   : mzscsakj.invalid\rworkman
Session  : workman.robert@tiateuze.invalid
Hostname : tiateuze.invalid
Username : workman.robert
Password : kvatfblzdnqgs
2021-10-08 00:14:58 - 192.0.2.109:39496
Digging on pgljfjjg.invalid...
2021-10-08 00:17:31 - 192.0.2.59:36934
Digging on nztvomku.invalid...
2021-10-08 00:22:05 - 192.0.2.146:36728
Digging on rrxknsbp.invalid...
WinSCP Sessions


Source   : rrxknsbp.invalid\beery
Session  : Default%20Settings
Hostname :
Username :
Password :

Source   : rrxknsbp.invalid\beery
Session  : patricia@todgzpnp.invalid
Hostname : todgzpnp.invalid
Username : patricia
Password : bytkbtkqyzdny

Source   : rrxknsbp.invalid\beery
Session  : pbeery@uveqxfut.invalid
Hostname : uveqxfut.invalid
Username : pbeery
Password : wtlncqsawbbjj

Source   : rrxknsbp.invalid\beery
Session  : pbeery@wjjkrkco.invalid
Hostname : wjjkrkco.invalid
Username : pbeery
Password : vcyrnzdnlxqgn
2021-10-08 00:32:39 - 192.0.2.161:33175
Digging on uhqmceki.invalid...
PuTTY Sessions


Source   : uhqmceki.invalid\william.hobbs
Session  : kirfnmog.invalid
Hostname : hobbs@kirfnmog.invalid
Keyfile  : C:\Users\william.hobbs\Documents\Putty Keys\key-kirfnmog.invalid.ppk

Source   : uhqmceki.invalid\william.hobbs
Session  : fgxwhlxc.invalid
Hostname : hobbs.william@fgxwhlxc.invalid
Keyfile  : C:\Users\william.hobbs\Documents\Putty Keys\key-fgxwhlxc.invalid.ppk




PuTTY Private Key Files (.ppk)


Source                 : uhqmceki.invalid
Path                   : C:\Users\william.hobbs\Documents\Putty Keys\key-kirfnmog.invalid.ppk
Protocol               : ssh-rsa
Comment                : rsa key for hobbs on kirfnmog.invalid
Private Key Encryption : aes256-cbc
Private Key            : OU9PNS7lqsFe7PfuWG30SekAInfFirTXyTu4BmJBLpBgOhaLz3NWTeYOIDjhCdsZ53DWKso5MsKYtmfVzv50H2Hqf0/2pF
                         B6fm1rlzTZPPdzebm3+09wxmx5ubaZdCRMYsG2FKq7QpIvqlIGg/+bTdw70hCXX7O/FHyoeO2Ayow94frcO41CtW+aYM8K
                         Tuy5qfydoUPazn1g5f4bZl0P+AYZ4bJ0RTm/UFyzkKaGxZihepb5tPqxW2TmIKBoILg8Y9/vp90v8atjIjTwps/nWgFDjO
                         3Czwmgzkd8FsBaAWAd2gWI7Zn9EYap/9iFJtn8QMInSHWXS8tkIwcR4VTQJZhjX8tjznQ6zibM31KYLRtOaHw2tjM/iBTj
                         zJt5BAsQqsNN+4CZTIenk1Mla1IuIprgnjCRyyujjFBToIKmc26F0HNNOL7+6sY7UK5XIExCRVaf1t3tCk4peilNOsAptH
                         ldTKsG7/24iDFPuz0zq3WY+yhkjnfS2jzoYI8Z23O5mhGECPmrM10G9gR9nL005EZ6QEhtlqDL1fXrDvOXnQgVwFAEiVjV
                         CqZ7/DKFKuxZmG+93nNZ6YbvZ4pISM3sdqsEuAkgfpTnW7SyIKHfN9oJLDkvVfUG8Yk9eXi4DOuFV1dyxsok5tlecCxRaB
                         sASSyHV8NS9rCynNC8PK6Htd7v6Fdv7n2Eii5xo2GXOWhvhK3K/P7Ft4jOrPPunLYG/TZKYHDcnyg5rka4Th8tzeeO3yfp
                         rVWcXua6FIUmOel//MJFIq9VaaR54a8FI6CW5dzGnP0WrfVDbK5iOl3H6JiuPVIPSWeHxAjJRKgSrpCP62KmtPhPUSIpxQ
                         fSbGVbRAIVgzPelnjqXSRLBF1wruobjzhtNJktmxW/mPiF8Eno
Private MAC            : 786b8935547d5909415bb51e9h757ph8r9pl9t96535331294e6a5248h808e2o6

Source                 : uhqmceki.invalid
Path                   : C:\Users\william.hobbs\Documents\Putty Keys\key-fgxwhlxc.invalid.ppk
Protocol               : ssh-rsa
Comment                : rsa key for hobbs.william on fgxwhlxc.invalid
Private Key Encryption : none
Private Key            : IFLTJMwaTpf/E+GdLDRyL+BoS3hYQGf3afDrioO34ItedURdPK22ooE4eQ0xFDU5zAxKdTfzOrUdk7WqIle8Yj1E0UjVvG
                         wO1HW/JlEVbe59ISBJVLO6bD9R5+I42uQwMDxYtncdupfYlZfqAONQOZ+z93i0mg1UgEVT9v6TFGyu9OyttpeVvUJOwPH6
                         3gsRC//8cEUD1tXMbqZwggM6QihUes6JfAS2J7xvgZdcy+S6z2pXAx0+3Nb+LGLIaXMKYjLGtqvAVRlb18ndllubZ2oADG
                         n4O0Fjm3DFhgKnZ4iGyb/iA6VjdQyZ6xPN8XGrgiOpN6Jv8qorzu7Gln+cAk9BfbpWVHWTBWzPggv039OtnKm/k8CxwXly
                         x4Yl74jaYL0YvIO7jXDvagRYxKCLYj17thbbKuWOFDsQpuNR/Gho6HWQT4FvKGweaQuhcol9dZ7rdhgFU7hT/maQFlapzJ
                         tdmZZIxCdYyUjLP0oYsM+vI2zAtsaS87PXrkSqd/GaZ4kwafFzD/9rKWARnQWyiYIo1x3vE/agNwqRYfnZr57hb1FclMYQ
                         y1dY62FCNnsgb4sqZs1DZoNGzKqfIA6mjUIVM12F0Xnyq0INpJcmdwkbgLKTtTfR9VItCVvTm/tXhMbcu1qfGuvhkLrVaM
                         aUOHSre04dZui/KOpV19wpn8gDUZKSc9S48g4E6y71YgWOZQMGaMBP42fYHdpZvPGCfq+8edlzGAcixS0QZt7HpXXoIrzG
                         Dq4AnlU+MNR4HAQxVl2KtdZE54PpTySVzJr/ZloZJ7Hq732EVEr4cCjTIp664vzlrFuWYVBYtpx+13ArQLrCrP1Fy9h4J2
                         DZk9LTb++OloCkRzWXP+is89tuDfftVxj=
Private MAC            : 805s6904020f3010403zw75r2u146bj4z6sx4z05641318333s2f6108y743u2n1

2021-10-08 00:33:41 - 192.0.2.218:33061
Digging on gehdvtyb.invalid...
WinSCP Sessions


Source   : gehdvtyb.invalid\jannie.acuna
Session  : Default%20Settings
Hostname :
Username :
Password :

Source   : gehdvtyb.invalid\jannie.acuna
Session  : jannie@wvqzmagk.invalid
Hostname : wvqzmagk.invalid
Username : jannie
Password : jjganzxxxvwyt

Source   : gehdvtyb.invalid\jannie.acuna
Session  : jacuna@nqfgalzq.invalid
Hostname : nqfgalzq.invalid
Username : jacuna
Password : agnwqgpqrvsxu

Source   : gehdvtyb.invalid\jannie.acuna
Session  : acuna.jannie@txcnpsag.invalid
Hostname : txcnpsag.invalid
Username : acuna.jannie
Password : stgswaobandna

Source   : gehdvtyb.invalid\jannie.acuna
Session  : acuna@magbtabr.invalid
Hostname : magbtabr.invalid
Username : acuna
Password : puxdnhvqdupsd
2021-10-08 00:35:14 - 192.0.2.166:37701
Digging on uumtrcxe.invalid...
WinSCP Sessions


Source   : uumtrcxe.invalid\larry.whitaker
Session  : Default%20Settings
Hostname :
Username :
Password :

Source   : uumtrcxe.invalid\larry.whitaker
Session  : larry@rrrtxcgm.invalid
Hostname : rrrtxcgm.invalid
Username : larry
Password : efoknfvshwndv

Source   : uumtrcxe.invalid\larry.whitaker
Session  : larry@cnehfall.invalid
Hostname : cnehfall.invalid
Username : larry
Password : xftxpyqnizeyi

Source   : uumtrcxe.invalid\larry.whitaker
Session  : whitaker@humgshih.invalid
Hostname : humgshih.invalid
Username : whitaker
Password : izkzadkxeobqt

Source   : uumtrcxe.invalid\larry.whitaker
Session  : whitaker.larry@igwajlvw.invalid
Hostname : igwajlvw.invalid
Username : whitaker.larry
Password : lwedizihyirdn




PuTTY Sessions


Source   : uumtrcxe.invalid\larry.whitaker
Session  : lhrrhkwe.invalid
Hostname : whitaker.larry@lhrrhkwe.invalid
Keyfile  : C:\Users\larry.whitaker\Documents\Putty Keys\key-lhrrhkwe.invalid.ppk

Source   : uumtrcxe.invalid\larry.whitaker
Session  : peeejtnr.invalid
Hostname : lwhitaker@peeejtnr.invalid
Keyfile  : C:\Users\larry.whitaker\Documents\Putty Keys\key-peeejtnr.invalid.ppk




PuTTY Private Key Files (.ppk)


Source                 : uumtrcxe.invalid
Path                   : C:\Users\larry.whitaker\Documents\Putty Keys\key-lhrrhkwe.invalid.ppk
Protocol               : ssh-rsa
Comment                : rsa key for whitaker.larry on lhrrhkwe.invalid
Private Key Encryption : none
Private Key            : FVZLRZguUno/Z+OkFUQgE+AnA0xYGWq1nvBacqC11TadvGItLV72yiB0uR9aQTV3aTtBnZfxBsUon9FnYud6Gb5U7DkPgH
                         gN7JE/PyLOsr01LMMPVCS2nQ4B1+O98mBqEAuWwqxrnbpQjBtwFHKHYI+m08t6nw1DlMRV8d0QVNio7QgohliIhOEJaSU7
                         6wdEA//8bQWF9fXQejZoluI3ZxyRvt7PrVP6D1lolOels+C0p8dKSw4+9Pc+EYMPlRFMUoOOkjnTFQss93ofbimuA1ePPY
                         g3C4Gff6HAtuWnE8oVso/eN2AuyRvY4uGD6AJwvhKhW9Px8opgsm8Oux+fSx0QaedIRZARGLrKcej356DjyJz/x8TznOcp
                         p8Jd00xpME1RmAD7nUPuwgUTfDSFVp09ztfqFeHGJLzTzoIX/Wua0SIWW3ZtUPyjpYcnvrg1eD4czouUN9jF/ufVMzsjfA
                         dzxNNXiExXjSmMB6cPeB+fS9iCwhkJ66FZmnDqu/ElD9wocgXiP/4iVQFFuLChvSHo0j2gL/paTgeKBtrHz65my9TgbEAU
                         j6fH47MJSvfci2rfQf9FTuGUgEayQP6vuJIEU00L8Yebk9PEfPeblhjmoTXKpYkL8JFhBIaXx/wHdIemd9snJkwuuSuStS
                         jHZPZwh29pXkz/MSlV03kxo1kEDWZXy0U30b5E5p25AlHQACRAvDIQ96wUErgOgQKMzn+9pbjgURylgF1WOi8OcFAwSehM
                         Ws5NqmZ+UHH1FZEvIt6EztJO10BtQtPRsWo/LkfVQ5Xg429PUPk6eLtMJt185mtixAzYVGSZmsz+99WbLIiWrY4Pr8i0U8
                         SLa0XJm++QpiNzGxNEE+zd48dqDjuxZtn=
Private MAC            : 569i9384809w4656401iy02t1v935do7v1xa5l34771455168q3o2204i397x2c9

Source                 : uumtrcxe.invalid
Path                   : C:\Users\larry.whitaker\Documents\Putty Keys\key-peeejtnr.invalid.ppk
Protocol               : ssh-rsa
Comment                : rsa key for lwhitaker on peeejtnr.invalid
Private Key Encryption : aes256-cbc
Private Key            : SL6NCI0efbMd6DtpRR89IrxOKerYbmAEuBm3BmRFNgDqFhgPf9NLIpUAXVdhDsmJ83VOZsy5ZlBOtubJge04B5Xpd8/3fA
                         J4ep3ktuWESDrmkug0+98vlnr7ctzHnSVBJeB2PQm2InTomvRIl/+cCzp14cLBB8C/FIdlzP0Zyre45zxuG99JqE+sLL1O
                         Wzs2jcfzeQOqbo1e2s6zWv1R+LAU5yW8UGu/IEqonSwDvPvvaom4sMogV7MhNGVfVSp5E5/xe94j4dzfNnXnbh/kIoQZqX
                         1Fyzkrrla0KaMgFXHo0bLX5Xm5XXtq/6iFDfn0TNDaTIQEQ5xoIvbC4GWXHGlwJ4itstG8nkzL28HLBDjNaIa9gpO/kWVe
                         tIv1TWaFhpHT+9UXLSjvq9Shz1JdKxhqgoVGczqaxMHFrPPky89Z3LKAVP8+2hD3FW1BKXkHFZrz0z3vJj3bjxoAVbZcbI
                         qaVDiY2/48eFNYax2yp3BL+qbohuaX8jlbEO2S20G6wlWVAIqhG80S0jR4wA480OF6FXdzmfZZ6fDrSvJDgHgHcNKRbZrG
                         EwT4/KDUZykWbC+85eJH7SjeM8lROT3vzdrOqYdqiaGeF7IsZWFnN5jINGwnZxHB1Zm5gHx0VKgMB1xvjnjm5rauyCgMwB
                         zIVLiFN0RU8mJoyQI0ZA2Akf7a6Nfn7t9Qfc0iq4NJAQrjsN0V/P3Fh1cZqUMklUNG/NPOEQQsvxb4ijx2Ow5zidnN4ejw
                         wOZhVki8XZCeLsy//UREYn6HitG82o8GS7HC5qlJzD5KvzMXlP4eZd8M9WufJERQXCxFePoXKZwEccEV94PicEjIMIOgfD
                         tZdOVjWNBQtmJkpmyzPQSINY9wcaaggdlgJSedcoJ/nOjL9Yzm
Private MAC            : 908f9873652t5369548vk10a4q637iw7u6lb9q85944871732d3j4303n338m2r2

2021-10-08 00:35:27 - 192.0.2.64:31927
Digging on xzmnalcn.invalid...
WinSCP Sessions


Source   : xzmnalcn.invalid\ana.limon
Session  : Default%20Settings
Hostname :
Username :
Password :




PuTTY Sessions


Source   : xzmnalcn.invalid\ana.limon
Session  : pegcmijl.invalid
Hostname : limon@pegcmijl.invalid
Keyfile  : C:\Users\ana.limon\Documents\Putty Keys\key-pegcmijl.invalid.ppk

Source   : xzmnalcn.invalid\ana.limon
Session  : azlkafqo.invalid
Hostname : alimon@azlkafqo.invalid
Keyfile  : C:\Users\ana.limon\Documents\Putty Keys\key-azlkafqo.invalid.ppk

Source   : xzmnalcn.invalid\ana.limon
Session  : gcssvfvo.invalid
Hostname : ana@gcssvfvo.invalid
Keyfile  : C:\Users\ana.limon\Documents\Putty Keys\key-gcssvfvo.invalid.ppk




PuTTY Private Key Files (.ppk)


Source                 : xzmnalcn.invalid
Path                   : C:\Users\ana.limon\Documents\Putty Keys\key-pegcmijl.invalid.ppk
Protocol               : ssh-rsa
Comment                : rsa key for limon on pegcmijl.invalid
Private Key Encryption : aes256-cbc
Private Key            : WI7WNW0bclYm5OkwNU15CbbOOswJczUEiQq2YuMWNhQzFsxRn4TMUfNFXIypVfbB54UFFnw8ZdUQgiwIex54T8Fhs7/8mW
                         F0ki3zlpNEEEyuabl8+08sczr6ofpVoUKWIpP7YOm5YtDycxVGn/+jKsw60lVFS0R/PUhlmP0Itio03daoO17FxF+jIS6T
                         Bhy0pmjnvPKnkl8v0v7yWo4T+MKN9fA5HIc/CPxkqKaXsBghddu5dZssH7CyWLAfMRt1Z9/fz13g5tamAdSoim/bLpMLbT
                         7Aoyznkkd9LzUiXUKa8xBQ5Hc1UOmd/0fHOic3UPKfWMVMJ3ldWqeG5VDELKzgZ8lonaN1bngR33OBGJgZtXk9lnW/kSZt
                         mUq1GIbCrgLD+0FQRKryf9Mgu8WdXxdypyRTnxovvCDCbJZvh04L7HZXVZ0+4uO5DE3CKIeXOVpr7e5pPc3suwgKEfPgeP
                         vmIMtL8/19rWNCif6rg9PM+vfnkbfT2qfzHO7G92Y4fmEHGWxgB71E9lE7dO490TM9JBreseNB0yArPdPTjZmLhHEUeJrV
                         NaX6/UJRVqiPeV+07oPF7EjqU4qSRN6hqnvPxQrahzUaQ9KiGDWjN7aBGOcxCwVH8Zg1cTp3AVrOS5erusvj0rbgoMvTpG
                         hJJUtSK2MI3bCxfBU2TB3Kmr7i7Cuj1s7Cpg2mz9VVEFgiiD8I/B6Hq3fEhANbaUII/DMGHTHudfz3gre3Tg2hlsbB0utx
                         eZBpPrz6HSCrYmm//ERHQu9AmwO13r3TI4JU9qhLbM1ArpRHzD9oWm8Z9HyuXDCLTJeXlUeZFTlErxHN16AzzXgMBPXmrN
                         sYoLJvQPPHoqBopovqMOFALC1nczxfvwacVFvvtbA/dUuP1Kph
Private MAC            : 087y1301711r1776228xp92v7n678yf1i4ua4w47032124923g0k7770c487c0y8

Source                 : xzmnalcn.invalid
Path                   : C:\Users\ana.limon\Documents\Putty Keys\key-azlkafqo.invalid.ppk
Protocol               : ssh-rsa
Comment                : rsa key for alimon on azlkafqo.invalid
Private Key Encryption : none
Private Key            : AZVNTGhlFua/E+GoCGTzW+ByY0xWVJg7gpLdewZ98VdcsWVnHM36ydO4fB9qJLH7yZgMjUczWzMvi7JwTzp3Yu5E8ItOdD
                         rK8KU/LyHUjt25BFTFXRE8yO9P4+Z32zHsKDmQwnelsfcHaMzvDQEOPM+p43k7xm7UxFVY8e5RGEmf1QqrdqbOlOBRkZI1
                         3saNL//2sOJR8hGEoyJziiO1JiwHrr7AbXU1U3nezHmvo+O8f1qELr6+9Ax+NGJAyOBWDqZNshnWLNjb01lemmuuA3aSBJ
                         p3M4Ubz0DTcuWuE2ePzo/rD6QhvGdP3jNJ1WQdnlWcA1Yb6gbnxf2Eox+qTs5MbjdTWJREVPyPmll446RexPk/g9IfsKgr
                         r1Tr33fbXI9OyEX3mWCxbtDRvPQTUf36tzkdYrUOTShFtxYV/Aoh3LSSR5SdKGuaeWdpgxs8uE3zeblNT5wQ/ljBByxryI
                         unnCWTsTxTvDeLT5lDcA+bZ9mAupwS80NOzuWfu/ThG4yskmImA/0sCBTDtCWxyQCk3j5zU/xiJmwOFrsUu09fz6QixZNJ
                         a1oN17CKXfjcz7kwYy2BCaVUtVnfIU3isJVZG74A0Xrbp9RBmFacdnclmKYMzEeM3VAhWNuJj/jUtNrpt1fvCjnqlUvQxD
                         lDVJQbq61xDay/QHtI56ptd6dOLXNSg2D31a7G7t63YnRGQTVAgPZM73fVNroMjKBDnq+1lonxVTtejN3OFr0WgHZmNgkZ
                         Ls9TizY+HRB1CCEpHb4TtjTL16HvSmDWpGz/WhePV2Ba412TURr9sPjUTj241lgvmFuPZHJGmuq+43CeJYbJvR4Dx9n3Z2
                         KLy2FJp++WeiMmAsUQR+vh22lqRilbAua=
Private MAC            : 068z1591891j3562893ky11p4c126uo0o0yu2f82967414280x2z5534z248j6d9

Source                 : xzmnalcn.invalid
Path                   : C:\Users\ana.limon\Documents\Putty Keys\key-gcssvfvo.invalid.ppk
Protocol               : ssh-rsa
Comment                : rsa key for ana on gcssvfvo.invalid
Private Key Encryption : none
Private Key            : XYDIEGosOei/Z+HxKJTzN+CwN5sMTWr3paDerxI77JidjNFvWI31fbB3bP5fDCK4eEaXyIkuBqRst7ZmVqs1Su7K7KvCdH
                         rK2JM/WbLOik61ILJZBZM7xB4W8+F97gFaIXlGqsxqfzsPgGwdYJIRAJ+e05j1bw3SrMWM5a1SHAvz2GetpzdObUHRhSO2
                         6etWU//3rSST9yRVcsYkqgQ8XtxVdd9BnXT0Q9dvcXoxn+Q3f0uFTw3+6Mk+JUDUkOYOAyJZgpaSURes15bapyjnM5gYSO
                         a0J8Gve0QEbdTpG7oWat/uZ9LckYpM7bBO8IDcdcCaV4Ly8hwjks3One+cJo1VuyvTIMUVJQmBnne799HxxMp/q3NnnBdb
                         t3Cw84jbXF8IiFN9lKDzkvZLdMKSEp07nknwVyGEHMjVlyNX/Ybk5BMWM6VjZHorhItvteq4mN0kravLF0pG/gkYVewznC
                         jhoAYPwRsTxZqCO3pYjK+dX1yCeokY48YTfaEwy/RlN5hairPvT/2hYMQExEByoZPh4q0tT/coRtnDCngLy16cw5SqqLGH
                         v3lQ97NPGdfdu0kjIt4AGmFRdQqiGQ4ulZBLR58P6Rccp3SJoVlqjbdmcUKCqDgY3PAfNCxZq/gLzJfbx5rgJvraaKhHoB
                         wZGKPdg07uAso/CFjP20nsc9yCXQPTd3P32o8R1i38IjYAQLGLiRFC30iRDweOjBJVxy+5ujfkPEwkdH0MHp4ZtWVfHasZ
                         Ja3QlmC+GKK6UTOoZb5HrhTD28VrJqEUtAa/QvtJC3Ly440UWAi0oMwNTr565nucfFwGOMKCswo+09VyDByFeY6Nv8i9Z4
                         BAg4TOo++TdkKkUnRTZ+ni41uiSrjfNkn=
Private MAC            : 402w6736144h4057821zf27a2o980vz0m3wr9i22471017858o7n0405b401f4c0

2021-10-08 00:38:48 - 192.0.2.56:39117
Digging on zytauwoz.invalid...
WinSCP Sessions


Source   : zytauwoz.invalid\larry
Session  : Default%20Settings
Hostname :
Username :
Password :

Source   : zytauwoz.invalid\larry
Session  : kreidel.larry@qpkuczmt.invalid
Hostname : qpkuczmt.invalid
Username : kreidel.larry
Password : dtokewbjlycro




PuTTY Sessions


Source   : zytauwoz.invalid\larry
Session  : sexqhpsi.invalid
Hostname : kreidel.larry@sexqhpsi.invalid
Keyfile  : C:\Users\larry\Documents\Putty Keys\key-sexqhpsi.invalid.ppk




PuTTY Private Key Files (.ppk)


Source                 : zytauwoz.invalid
Path                   : C:\Users\larry\Documents\Putty Keys\key-sexqhpsi.invalid.ppk
Protocol               : ssh-rsa
Comment                : rsa key for kreidel.larry on sexqhpsi.invalid
Private Key Encryption : none
Private Key            : NOYPGFsgXxd/R+LePZShY+EnF5fMOUq1ixKqekB27XjnaMPdKW34mfV7gW3dREA7nWpSfUxzIuBet6HqRvy3Kv8H5OaVvS
                         cI6UA/UeCVkb84QBGGUQR7iH6P4+Y63vZzJVjTgmrufmoZeQrvDNBOKI+q36k2rj3IsKET6q9IOTsl1KnwrhcKuEKWeKZ0
                         2ohZK//2bBEI1bBDpnHbteS0VywBog9TsKM7K5fwrMmoj+J2q2oBWz5+2So+NYQWvLVYPyILjduWMRov82vsrsmaW1lNDD
                         v0F2Cgs0DCzhZqZ2nJqz/lI2AilJbU6iHD9KWmpmToA6Ra5boiip4Epg+kQt2OygzVFMVNTOyZvbx306LtcBr/d3JkwBxq
                         d2Iq53jiXN5BkAZ7dZRqiuEDoETQSu28aukuAaBLRJtRdgUD/Kss5LQMX8MwOPtsxGzvlhm0dG8rbazCD8tG/thGOreqjD
                         uniNJKrAmYxYjUQ0aBoT+lR2nApdsK32BMjwBnz/OcS3bxidQeC/1nBKRBoSCwjFUw3n5pX/mjDdsXUmuJb93jw7BgdGHN
                         a4bE63UHAfaft0snGu8MPsFRoVewBH4sjEQXV10J5Jhph0JWsXlujjjmcHXAkLnJ5UTgPBoNn/bLsAebh4zbKqtkcQqVyO
                         fJHAAjs08tNcu/PSfD43ynk6mOVUUCt6T11t5H4p85FlBTLLGXyXYC07eLBqkByKREwb+7ukslVRwwqJ9ROd4UpAXiMimI
                         Pb1OplV+GRI8HCCiIa8XnjZG89ArDvPDvLq/VhiXQ0Fw858FNHb8mAuFBy373wbmrLnPWYOFgva+27SuWNwApW4Vd2d2A8
                         LIo2KCs++YqtYwNkFMI+lz16vmLfdbIaa=
Private MAC            : 529f6885841v6405217oe39t0j905rb2g3mi9l22463842956p3v2436i346s9z6

2021-10-08 00:46:48 - 192.0.2.92:33078
Digging on jhwyiguc.invalid...
2021-10-08 00:52:04 - 192.0.2.111:36395
Digging on muuzwxzu.invalid...
WinSCP Sessions


Source   : muuzwxzu.invalid\samuel.chol
Session  : Default%20Settings
Hostname :
Username :
Password :

Source   : muuzwxzu.invalid\samuel.chol
Session  : samuel@tjbtymbw.invalid
Hostname : tjbtymbw.invalid
Username : samuel
Password : djixltsaybmhj

Source   : muuzwxzu.invalid\samuel.chol
Session  : schol@abmjyoud.invalid
Hostname : abmjyoud.invalid
Username : schol
Password : laevadmwlbnbd

Source   : muuzwxzu.invalid\samuel.chol
Session  : chol.samuel@epzdykkm.invalid
Hostname : epzdykkm.invalid
Username : chol.samuel
Password : qyfykpzwkvvry
2021-10-08 00:59:16 - 192.0.2.8:30740
Digging on nbzibktg.invalid...
2021-10-08 01:00:52 - 192.0.2.201:37635
Digging on vfrsbwlm.invalid...
PuTTY Sessions


Source   : vfrsbwlm.invalid\burress
Session  : zxpkrwkv.invalid
Hostname : gburress@zxpkrwkv.invalid
Keyfile  : C:\Users\burress\Documents\Putty Keys\key-zxpkrwkv.invalid.ppk

Source   : vfrsbwlm.invalid\burress
Session  : lmbudtmb.invalid
Hostname : gburress@lmbudtmb.invalid
Keyfile  : C:\Users\burress\Documents\Putty Keys\key-lmbudtmb.invalid.ppk

Source   : vfrsbwlm.invalid\burress
Session  : sjgnjdoy.invalid
Hostname : burress.ginger@sjgnjdoy.invalid
Keyfile  : C:\Users\burress\Documents\Putty Keys\key-sjgnjdoy.invalid.ppk




PuTTY Private Key Files (.ppk)


Source                 : vfrsbwlm.invalid
Path                   : C:\Users\burress\Documents\Putty Keys\key-zxpkrwkv.invalid.ppk
Protocol               : ssh-rsa
Comment                : rsa key for gburress on zxpkrwkv.invalid
Private Key Encryption : aes256-cbc
Private Key            : WC5AKT0shbJn7SstVD99MfuESxiFvlIQqIj9YxZMNmAdRqfMo7JAZaHLDKdfOhkG35FDPkt2McDZseoExi80F4Mzc5/0qC
                         R1yz2wsfGORAzjmxb2+09iybt8ujiAbBOEZgX7AFf5SwHtliOMu/+wQvb87eQBW9B/MFuknH6Jmjr35sjoO97GaO+gYG7J
                         Zbc0skocuLYbtn8n7l9pBt0C+HYM0dT9GOv/SAprmUyQaSnfqhb3lQcvC5UaJLWyXJl2K1/ie00c6jcrBrDsyb/nYlHXmI
                         9Ngnmntdo8IcUlYIAz9nET1Xu2OKzw/2aIUfc6CITwHWFGF7chHkyE0USZKBpfJ8wmgcE3smcT08GARAiGaCe9tmE/tNUt
                         zQo4YSvKajCJ+9BPBFyty4Jgb9FmHffqejJFxkhdxSUCfTVni01V0PHKUP1+2gA3LV7VJNhBFOyx8s2vQn2tmqoKMpFkqA
                         sfQCvL6/35yNQKoz5dl1GN+mfgpdxS4xrvTX2L06K3dbQXHKgmV31T1xT2fS301GB2HZliqzIU9uEnPdBNmKgAiQPQfIxD
                         KeZ7/ZEIHejJbI+53bKS0KgzY2mPDR6llkjBbBrzhnMaN8NpGDZeW8rFKBvdKpWP2Oj9jEc3SHkAV9zlgzjm5zimuShEfE
                         lUSRhVS9JD1tCkzAZ9GZ8Bxt3a3Uda8y0Ule4ze6TTGQakoJ8O/B7Kd2cCvBFszVOE/SZTIMVlaic5pbl7Rc5bbamC7xqs
                         gGGvOfr0SZJfNtr//EAUMs9CpzT85v2KL6HT4bmEfX8YruNDqF8vBh2H6FxuCDRIFRtLvIdKHLlWjyHT18ElvToUIEHrdU
                         iCwEReIHERinGasgojPJTXGP0pfhjgyidxEHiaeeX/eYaC1Tya
Private MAC            : 310v1973050x3965215tq09l2t757de3b4nb2v37221820467p7j1514n943b5d8

Source                 : vfrsbwlm.invalid
Path                   : C:\Users\burress\Documents\Putty Keys\key-lmbudtmb.invalid.ppk
Protocol               : ssh-rsa
Comment                : rsa key for gburress on lmbudtmb.invalid
Private Key Encryption : aes256-cbc
Private Key            : NZ1NZL0nsbRh6XpgJA75VwuWYqtVtkCHmRu7CfDHDfAxLpiKr5IRGjCXOGmiQokH16CFVdd1ZaHMxnmNzo35L2Idp9/5zM
                         Z3dm6byzVCVXhrvjm9+48ovmy2mjaNqBPZEqU6NDe8HvRjjiJVe/+wQik30uLEP1E/JSpfeG5Uizw44utlU45PbV+cPM8B
                         Jdb4dyeofWIftp4o0k8rWv0O+KTZ3wB8WTv/VZrdrMnAcJomtov0fIqnE5NwLBHbWRt9V4/th84n2ltyWeDlvb/lXfEVwO
                         7Qfohwfhl4VkMyGCWc3vOA7An5WNfb/5bEBvm6HFIhGJEJF3kxZdrJ6XQJBWvoT3wteuT6wcrE02CTWHwGcJk6jzM/fCQm
                         yKo4QTvIxfPN+4LIEBpwu4Cwz7FvAxhohyDSxtkwkJCXoAGlr18O4WNLLD8+9rZ6NY2UQGaQBCdx6f4vEj2djjhGQcLruP
                         adICwA4/75fMTRca2hz6IJ+kkblerN6ogyVQ5B09T9fmSLAVeyR71W3bH3oA549LS1BTuehcTE1lAkJsTNbUgNmAMWzOmC
                         QkJ7/DAXCfxUkT+94kJS5MgrZ8vAFW7fbmlHvJfjznVzR9SaHEYyI6kZFPkrHzSV4Ws5jOq2FAsJR0whbqqk9vnncEuTpE
                         pQVEhGV7QX3rVbpHQ8MY1Tvs8t7Fdr3b3Nie5fn2DAMRhznA4C/O4To0bHkBOffJAG/AGCRHPflnd0mhx4Xp3veilK4dwq
                         aLDmIch1CULlLaq//TBQXa7JimE70o4MZ1DY0yiXqL9CmpKNxS4kHq2L3OboWSCNONkCrCkFDIvLghDY02NxdCvNJRZvmP
                         oQePChKQHGmkRaptixIYDDCF0lrgwshobfDSpbidT/rJaV2Flk
Private MAC            : 334z3014840g3781346so95b1i584pj8r8cp5l33717750453i9l7641v211f9k2

Source                 : vfrsbwlm.invalid
Path                   : C:\Users\burress\Documents\Putty Keys\key-sjgnjdoy.invalid.ppk
Protocol               : ssh-rsa
Comment                : rsa key for burress.ginger on sjgnjdoy.invalid
Private Key Encryption : aes256-cbc
Private Key            : UB6UMG2mlpHb7FkmIG99HviCHldIrlORrPh1UcBKLgGgSqeUn6IBMoLVSSgoUtqJ34LIMnw8AhNRgwxNtj86V6Xae3/7nL
                         G2su2vfxIPWLyfikz6+16gnhd5miqBlNTMGmL5ODh0YzTgolAKu/+dFrl46eAYC2F/RFzdhC3Spad62rwpO11RdO+wUN6T
                         Vjt0xupayGPwkk0y8r0eMd9B+PJB5nJ1IGx/WKgxiDvJmSxzlay2cMknI1VgOSSfMZa1E0/rt80b1pkuVmGpup/lPeNBdH
                         1Qxautyar8LdGvZBIf7cFK6Tp7NXlt/2tZFwm9PEEiUBRLG6fuYfzT8XZPGMroK8lgcuE1rtjJ95BKKYeDsDg8dyE/lOXg
                         oEs5TVuJarBB+7HQXPlzt6Fep3ThTvkowrAUvzgsyPOOtHIyg77N8TERTM7+6lH1UK2EPHkQETml1h3pTz0hckhKCkEeeD
                         wnLZaS1/83mEPQqx4on8AS+wkicdmA2chzOL7B57H2rmEDGXrmL12O2fJ7dX540CG1DWkauyAS4fZrZaMGqLtLvUSUdXqW
                         XhF8/FAFCrrYnI+46wXO2RbaH6gTCH9gdfoAqEcuonShV0GfMCGsG8oCEGtrWsIU1Ff5vKa3EPqPA3hatjzr6ldtwPuFgX
                         eGRKgDA9UF7mDkmMZ0QS2Elu2k5Mds2y2Xzy2ig7MVFOyabB1C/M7Sv1vIjCLyrVUX/NDPTWMojcq0bjf0Vf0uyyvR7wcq
                         yUDkXya4GYVzObq//WXEGx8MbxV33i8LB8NY0pwKqG1TzyQVaU9hGg3V0XtrEFUVRCwQdLqYDZsAseIQ10YlmQxHDEDujK
                         zIsJDuUSWUfbYcihpuOLCEJY3zamfbxxywTSzpmfQ/vSqK7Atb
Private MAC            : 746s6495895r1919682yf14n2z262dn5m6mw2t36954769799k8w1285i498o3x4

2021-10-08 01:08:46 - 192.0.2.29:34909
Digging on ntykkqmh.invalid...
2021-10-08 01:09:35 - 192.0.2.40:36341
Digging on zjsdnfke.invalid...
WinSCP Sessions


Source   : zjsdnfke.invalid\dickson.fred
Session  : Default%20Settings
Hostname :
Username :
Password :

Source   : zjsdnfke.invalid\dickson.fred
Session  : dickson@ybhaaygl.invalid
Hostname : ybhaaygl.invalid
Username : dickson
Password : yayefeqlsylqz




PuTTY Sessions


Source   : zjsdnfke.invalid\dickson.fred
Session  : moygvrsr.invalid
Hostname : dickson@moygvrsr.invalid
Keyfile  : C:\Users\dickson.fred\Documents\Putty Keys\key-moygvrsr.invalid.ppk

Source   : zjsdnfke.invalid\dickson.fred
Session  : alrhummx.invalid
Hostname : dickson@alrhummx.invalid
Keyfile  : C:\Users\dickson.fred\Documents\Putty Keys\key-alrhummx.invalid.ppk

Source   : zjsdnfke.invalid\dickson.fred
Session  : bsdusosf.invalid
Hostname : fred@bsdusosf.invalid
Keyfile  : C:\Users\dickson.fred\Documents\Putty Keys\key-bsdusosf.invalid.ppk




PuTTY Private Key Files (.ppk)


Source                 : zjsdnfke.invalid
Path                   : C:\Users\dickson.fred\Documents\Putty Keys\key-moygvrsr.invalid.ppk
Protocol               : ssh-rsa
Comment                : rsa key for dickson on moygvrsr.invalid
Private Key Encryption : aes256-cbc
Private Key            : JF5YFB3zapGk8KymSS34NitHNdsNyjBFrRi6LwXAOxMdOmpGx8JNMvIRZNgbAudF40GMVfa4ZpRUmcaKpo23F1Btk0/0kR
                         V9qt3yjzZIWVckzbl2+78ccac6mkuJhOOCMiZ2QYi2UjWjrnNIs/+uKas20rDXY0W/AWsldF8Nywt03igkH47MgW+hWE3J
                         Jhk5ynailDNwqz3n0f2bMo1W+JUD5wF5HIi/OXdtmDlRyUqzexu9zTltP5GoUPCdMTr6D9/ja16h2eefGuVpxc/fHdJBxR
                         9Vuxuldgb7JgYdAFJi9yZX5Aw7NLhg/0eSAui3UVEmDADWT1laEgkR3ZRPWXswD0ozuzF6ryzN91UBGZoHuOs7qkD/dJRk
                         lLy5VIpNdyJE+1GCGMiko2Wwk3ZhKwqrjvLRncdeqINFqFIui10M9VEMJP7+7vI9EH5FWOeVSFrq6u2iDm8ntrbSXqKbgG
                         qdPWtN1/22bQAMqc4ex2TG+uybsbhM1pxpED5P20H4wtIHSVlgB96K7mF3qJ813KV6UImqofCE1lEkJfDPxIkYjDEUbXuW
                         PbM9/QXVNvsMkX+47hRP9JcpE4pGUS1bvioOqKudlkLeB7QrRKRzY0nSYAfoQeVM6Eq1fNe6IUeKT1hfzcvg8gbiiXkGfF
                         tHJMsGY9RW4fRknEG4EF4Idc2i3Zmu2z2Axa0qz8RHXXxutO9T/J7Cd2vLwJIfyZON/PSNRLVavod7dxi4Pr0qsaaW1xru
                         bGZcHqf2RPEwTtx//YJMJr7RjsM17p2MO5ZM1xtWwX2JxzQHuT5mVr1U7InkNDIQAOlTnYtNDDdIsfVO79EcgNlQDYOhjZ
                         jBgMOiRJXCntYakrnrGZGXPY3nepsinzstSVkbklT/wAiI9Lfi
Private MAC            : 842x1101851t9570479nj88f2g692jv5e9gp6e43681497263t6p8350n723b9f9

Source                 : zjsdnfke.invalid
Path                   : C:\Users\dickson.fred\Documents\Putty Keys\key-alrhummx.invalid.ppk
Protocol               : ssh-rsa
Comment                : rsa key for dickson on alrhummx.invalid
Private Key Encryption : aes256-cbc
Private Key            : GM7CRU0jtiYb3FljCJ36KswUEvnObhJWlMf8EpMGVoOeQpnOa1ZUAdLSDDacIeaA13OUUyj0PwZZirjBoa06E0Hmy6/0gZ
                         J8mg5abhFYCPswrlt6+16dpqa5qdxZdBCMNyO1COf1OvLtfyZSc/+xHlk96fMKG0A/SIailN4Vgij81iglG23RwC+hYU2K
                         Vlk9ivrikDMhek0w9p2pHn9C+VXX0iC5GKz/CLfgpKtUkAbgepm9yLrlA3MfSVWpCEz2O4/gc94k2huhMrGtzm/nUoWEyC
                         9Dvccodhk6LxBzNZEm3uGH9Es8WZvi/1kHOpx8YVUjANZFY5ndGdsL8XBTTIlrQ2sqrvS4yamQ79XLWWgGxZu5hmN/iLFj
                         xLb5PPwRicMA+1YDTNfgr2Mkd1XrQoctqcKFvolnpAYOmPPsh73Y3YAGMY5+8nG1TY8UNGiTLLom4c3oDl3czxbNSlAkvP
                         stSFcK1/33sCKKyb1nb8NV+nkjpypC9uiwWJ2F98L6pnFHTKqtE94W2wH2aF140EX3YKmaurLM0nJhViNPiRrPxGWHsYaL
                         VpR1/MHSZyfRyF+41lJA5KgpM8mOPG9esodUxCrsvgHeB2DzUYBrF3nOLOugDyPU8Yb0tBz1ANuSB6smhrnb4uaasNvDzQ
                         eZZWjXF8SR7sNpmQA3VZ0Sim2m1Vab6s1Bko0zi8BJZZlepN8B/D0Jb0wMyAYgxHGK/YYJQRTfxrd0lth5Ke8jshlV5ixd
                         fQUsMai6WYVhWdz//GLGAd4PocX93r2TW3GC4mpAoM1FkqSPhH0bEv8I8GefYNARGRxThRkXCNfOniGL52ZrhUeTVZEejI
                         uHoWXgVAQCuoQsxjvhHRMRQX9lhqzeldwyUGceinN/pCeD5Dlf
Private MAC            : 086q2492205e8570907hh60x0y823ty6m2br8o42968266447f0k0443h510c2r5

Source                 : zjsdnfke.invalid
Path                   : C:\Users\dickson.fred\Documents\Putty Keys\key-bsdusosf.invalid.ppk
Protocol               : ssh-rsa
Comment                : rsa key for fred on bsdusosf.invalid
Private Key Encryption : aes256-cbc
Private Key            : MK3QCQ6gjnZx1UsrAI92EvuEAgsEyxJOjZm4JwXXWxSsMxfPm5HWUaDMETboLhcO09IOHhq1SyQHkdaVov68C0Mwp8/2iY
                         Q9hh2msgLUWNlqcsz8+33ifwr6ujgKnLFIErE8ETu2TyNqjdWMi/+oZgr40zRZB4I/VWdnkA5Jnit65ojsE15DlA+gCZ7R
                         Gmv6zecuyXQfzv6y8z2qNh8P+BMB9nS9DYj/SVdspRcFlDbwllb0vSheU4OyVIZqBDa5Y5/qx90w0jtlLvDezh/mPjVEeX
                         0Icendlaj7DyQvRPRp8eVH7Vt7EDva/2zJIdk6TOZyPXFOH2tkNtdD8YACLJliO8ainjW9mnuW78GBGOhDdCf5bqL/dGKe
                         aTu6YFrOfsPM+5JYYOlfl6Kes1BeSsnmkyNEsnkkdFOXaBGmv61B0VAFYK0+4aJ6NG3EYEmFKZgv7j3dXt1gljtAPeQyoE
                         jjUCnA0/35lESCiz6ou6LS+etlnagU6qshJP4C65O7poHJOEnjM40F0bY4aY043DM4UKtbscTV7xAtNgSMxPsLlVDCfZhF
                         AqJ8/PQALxoRbV+81iRS0BrhW3sPGA0neevOtBndzqCkS5KuSFRmP9hWVRiwKaNP5El2rHe4BAyGL6ejnxoo0lhwpJoCgC
                         bSRZgMN1XL3aKixHK1BA8Ghs6c9Qam4k1Hun9wn9CYKXbigB6U/D0Au2sNxVLbgGDB/VGFHQBlanc2oql2In9jchjO5khp
                         pUGpFcn0PRLaLuz//YKKDk0LsrI90c7JL4ZT5syZjP4QugMKoT4lZh5F2KbiHQMGCEbZpScEPQvHrdEB16KgqEbUJFLcmS
                         yNuYXjQQUFivOndhjpUBNYSQ4txkludsxoQLyyidD/tOdQ5Gzm
Private MAC            : 056f0442556g8752919do17a3h780hp1z9xx3w78547866441c0o4925n445u2z5

2021-10-08 01:10:57 - 192.0.2.232:33631
Digging on wmotutnq.invalid...
PuTTY Sessions


Source   : wmotutnq.invalid\jackie
Session  : wzvtmglh.invalid
Hostname : jackie.asbell@wzvtmglh.invalid
Keyfile  : C:\Users\jackie\Documents\Putty Keys\key-wzvtmglh.invalid.ppk

Source   : wmotutnq.invalid\jackie
Session  : yetapwni.invalid
Hostname : asbell.jackie@yetapwni.invalid
Keyfile  : C:\Users\jackie\Documents\Putty Keys\key-yetapwni.invalid.ppk

Source   : wmotutnq.invalid\jackie
Session  : vftgqznj.invalid
Hostname : jasbell@vftgqznj.invalid
Keyfile  : C:\Users\jackie\Documents\Putty Keys\key-vftgqznj.invalid.ppk

Source   : wmotutnq.invalid\jackie
Session  : sjqwkbmr.invalid
Hostname : asbell.jackie@sjqwkbmr.invalid
Keyfile  : C:\Users\jackie\Documents\Putty Keys\key-sjqwkbmr.invalid.ppk




PuTTY Private Key Files (.ppk)


Source                 : wmotutnq.invalid
Path                   : C:\Users\jackie\Documents\Putty Keys\key-wzvtmglh.invalid.ppk
Protocol               : ssh-rsa
Comment                : rsa key for jackie.asbell on wzvtmglh.invalid
Private Key Encryption : aes256-cbc
Private Key            : KT9ABJ5ryuGl3TgxJE22PjlJRwnYxsTEzOw2MuTSVoImKhmSp1OKJgCVHFojRkdV82DLKbk9NvNZjeeZsb53N0Emw4/1yR
                         U4pn4rhtRRAWbqkjx7+55kupv4xreGlXHTSrK0RLs8RgCaxcIKi/+lByh74pDKD9N/NWmpnV1Vxqj60ygdH35XrM+zQE3X
                         Qxf8fazecEYrss1p7x2uTi9G+LUW5hM4NAz/DMlfaHjHbFahwkx8uPzpK7SeVCEgJLs5X7/jm17l2hpfEmWvbl/gFtQEmI
                         0Mtejjamo7WhLySLNg5dCL9Rt4JNym/5sQVej3CSQxZTTUG6npFspT9WASNBgcZ2scdrO7jixV45TABNqLvOt4xbL/gZDc
                         wLw9WDzZooPA+9DCBHlni7Srv6YcEyaqxoIMdoqmmZIMjXBcq34V9QUZGI0+2dT2AQ3LCKxOANab1c4sJn7istpQLkEogR
                         afRQyQ1/06nUEWai8vl0YI+fkcrizP7szbXT8M07O6psCYSZjhO66V6fO0mN448GX9WWlzsmWO0jZtHcHBfEmKuZNEvZwA
                         WtZ2/GRETbhMvY+78aKG4NbnD7wKDH5cobyRvQbnuvAfB3HzJGMzS7gPULpxSfMT6Wg6lNy4CQuGJ5kthdwt6kxblMfZjS
                         uOLBrRI8TS4xQgcIR2EQ5Zdu5n3Nuv2f9Frd0al9GQEQvjdV9F/K8Ia6gRkUAamMXR/XHWJILktdv2fjc1Wm0lbgnQ7eim
                         uGZhZnn5VQQkRkg//MZZOb4OqpP04w5MH8UO0vmRdC2JyfQLsL9pEh2P9VmrSHFFUWxRpJpWNVhGqzRM12YaeAfSUFGsnV
                         dUkZRiVJSWtnNtrawsRUDVAS2fdrduhvslRBrmypD/gUhI6Mnx
Private MAC            : 475y9504236i2885622zy57q0m723fi9h3tr5s46478926827k1z3422o168t4z8

Source                 : wmotutnq.invalid
Path                   : C:\Users\jackie\Documents\Putty Keys\key-yetapwni.invalid.ppk
Protocol               : ssh-rsa
Comment                : rsa key for asbell.jackie on yetapwni.invalid
Private Key Encryption : none
Private Key            : VFVOEWuxMmj/X+OeYYEiZ+YfR0uZITx6cuGmhxY07MalyMEzYS74jsN3mD8fHSK8rZjGbQawKfOeq1VsJom1Nu6W4HiMeP
                         tY8IQ/NaLFsy52FQAKBFZ4rY7V0+E05oMxFDiDjcugobhFkDjdGWGOJW+i24j0dz1CmLTR8r0DGYww0HazofkNcQEMyET3
                         5zaYL//2oODC7yMCxyPnzlZ7IfgJig8NiMU4M7iujFlzj+R8i7mZGl2+7Uj+CHWMvEJGWeCXtfjRTBoj82bactxdT8xXAB
                         b9M0Ezz1MThcScH5zDpg/fP0ShxKtJ4bFY9EJdotAkU9Bp2smixe5Jkw+vCt4StxaWLILCKShCkvc200UhvYc/q6JjpQsq
                         h4Uk99dyAL0CzRX1aICpydVDzBQPCw62ndftHpLIYWvBrlCP/Afh6GTIS4VuOQxntNksenh9eZ9haewRL5iC/fmYRlhmjB
                         mbbMHQlMrRgIgLO3gYwM+sE0rYzijM50ZVsuEax/GtU5zogxBcD/7bRZNJzZBvkNFy0j0bD/tbJgcNMbtTs44uf3CcwCKO
                         n1gE95DHLoago2klVh2AUtWWrVcoQU9cyOKOX88X0Qxam9JItUiqahvloDLDkIhV5GVtXZnVq/uTiAyqm9ksDegzfRgPjT
                         xOTUHox52cZhw/JPsR32hbh1gWOFZCj3Q18z3P3i47MsFPSNUNpYAP65qCHulGjXGUzf+5acpdCWqwcD0VPb3AwXMzDvsG
                         Hf2CscP+QQP0ZUNkGg5GdtPW35SvClZSbSq/IiaJC8Mp463VRFj1uPdVPh110jbeqUzWXKRHmks+48ChHPoTkP3He5m7W8
                         QOg2ORk++MzbWxJdVML+vp62izYyamXrk=
Private MAC            : 082n2902433x1893951re90k3b806xw0o6it0e08818762913v4s8532x652j1x4

Source                 : wmotutnq.invalid
Path                   : C:\Users\jackie\Documents\Putty Keys\key-vftgqznj.invalid.ppk
Protocol               : ssh-rsa
Comment                : rsa key for jasbell on vftgqznj.invalid
Private Key Encryption : aes256-cbc
Private Key            : RX3ZSC5hneXo2LzrNZ49KtlCUktPfhPQeAs6LcTYYiPmUrzOp4ILYpWHFRohLnyL34OWZus1TrTMncbVop09B2Tcq9/0aX
                         U1nv2xvgSAEFvozvw0+29pucu8qpnSdVAOLrY2GCg7GiXhayNFm/+xUrb95fOMS6G/CWxhaQ7Crwx47xrkB73IdU+dYK5P
                         Kvl2tituaNUzds3n0u7yVz5B+CKI7qM5MHj/SZasaDgFpUnvrwm9vTlsX0SjBYPuYZi6E5/dk56n8yegJnGaxo/wLxNPsB
                         5Smclxcty7FnQeLZDn5aBA0Sd2IWdq/0mPMaa9TYIhZVEVK4tlBhaZ8ONYCVkiK3ncikL8ejsR13EYJSfGhTu6fdB/eTJm
                         kGh8SYvRtsMQ+4ASRRshz8Fvw6PjDhciwfBTmsxwrWBGeNBpn76I2GGBNK6+7tS8ED8KGIpHHAga5u1fBs7cifqRLiYkhR
                         yeFKmT1/45oUQYua5rc0BE+dszaijR5cnoHD9U12J7esTDBJdbK15R4gA1gM127WB6WDxotaWN8rMuQkWVrTtUcGTWwTwD
                         NdB9/VEMVstKuI+84mEV3HczF5yYPP4qfgzSoHsaslTkM3XuIXNxU6dNHTacEiAO4Tf4cYr4QHgRI3fmrlar3nejzEbYkP
                         pDZQaKI0VI6jYzrKB9CC9Ujs0b3Tsv8k9Shx4rj3PUULyrqL1X/O9Qa7zRdXDrkHTO/YXDZOCiiya9rec2Mb0tewkH3kye
                         kUOmLig9UDJxDvg//UBKBj8XecK78u7ZF4RV3miWfW3GgkLMbQ1kZy2T0SadTBQPFUkWxEdNIPuBzxJQ88TzmXqORDAvsN
                         eAgKIlGDZUpmIzmugmTAYYXG7atsicotytINccqnR/lWxX1Fqx
Private MAC            : 158n4719967k9705171ib49g0c380ij8c7sg4t05035240638x9l0887r154g2j8

Source                 : wmotutnq.invalid
Path                   : C:\Users\jackie\Documents\Putty Keys\key-sjqwkbmr.invalid.ppk
Protocol               : ssh-rsa
Comment                : rsa key for asbell.jackie on sjqwkbmr.invalid
Private Key Encryption : none
Private Key            : OGSYLGilEsz/Y+HiSHKuB+AwV6eKNWg3glKakrI48CrfrJDaJJ64asE7xB8oDWC6iSvRkQskBcCdl6JqVpu5Ao9Q6QmIcG
                         qI2QM/FoMLfk07KLLCTAB1zK2K2+B44wFwWXuKjepobrtKbNrdCEPOMR+h11o1sw9KkUNY5t2LYXow0MrstwjRvCTHdUH2
                         9ryVN//0oBSO3lIJsgGvqnG9OjeJxj5KbLS7E5agaJppo+O7w3gOBh1+5Os+ZOYZcWNXWmEMjtaQRGjg93idfvjfZ9yCFW
                         a7X9Jlk0BPqwWsK5tNwg/jW3TswIcO6cTI2IRalyOaR2Jn4cdayu6Dci+jDz9YvcdQSJGQXVrRpsd608MieOb/p4PahXdp
                         p2Ie91gsGY2XkUI3cWBvzgEIeAIEJt93cxgsAlCUQHrQiyXV/Hdj3BHUP5EoFMtnySbhixo9qL5ocekIU8xO/imOVtbmiG
                         yxqDJWnGhIaYjTD2pFpC+tP2cZohtW17XOmeVgi/ZuX0phrcOjS/4uBEZCoCHbxJRk0d1nH/ezEtuIFipBw79pb7HutFOU
                         g4jF99OKKlzox6yaCg4OSyRGiMmzOF8qpPNZO40H3Rlyw9JPzBssbcnmvXJSiOlR1KYlDEtOc/fSrXmkl9wpEpyohXaJhA
                         mJKWIlq51gCxi/LPcK45obn9pENNBZr2A79w3I2l47BvYQYPVSfHGN55fYUctZkHSJoo+0bsotQSavaU2XYo5XhILoOcjG
                         Tl5WrsM+LBO3OTOyTe2SqzKQ54DqMeLKhGr/XrsMB7Je178NOJc1pXfNHb319xmpwBdPOOTMtdg+34DeROkDnS8Nx3h6A5
                         DSr4PPu++ReyZiDqCYV+tg74jkNulwZrd=
Private MAC            : 508u4816030d0235673sp51d5r852kt9z4cr2w28923063182j1n2967z838s9g5

2021-10-08 01:15:47 - 192.0.2.207:30357
Digging on pyxjwslv.invalid...
2021-10-08 01:20:26 - 192.0.2.87:34693
Digging on asnssuxe.invalid...
PuTTY Sessions


Source   : asnssuxe.invalid\pprather
Session  : vpwybaiq.invalid
Hostname : prather@vpwybaiq.invalid
Keyfile  : C:\Users\pprather\Documents\Putty Keys\key-vpwybaiq.invalid.ppk




PuTTY Private Key Files (.ppk)


Source                 : asnssuxe.invalid
Path                   : C:\Users\pprather\Documents\Putty Keys\key-vpwybaiq.invalid.ppk
Protocol               : ssh-rsa
Comment                : rsa key for prather on vpwybaiq.invalid
Private Key Encryption : none
Private Key            : FXCZGPntLhw/H+TmGXQaM+GmU9cOKXn8crStgiP83HardUNzJO09bfC4eD0wVCJ3cVtJbBvaSkOjo7ZaTzq7Fk3L7NiDxY
                         hX1XP/TqFQdf38GQMTHDI5pX4R8+L76qXbRXjBftqgarxAaXwwVFBBQD+z94p0kd1OgLTX5a7FXUtq8EuoguwZdMADqIL2
                         8zfZJ//5kZNE0lEJzeArpxF4JgfKyw1GnZE9W7birQynf+J7m1cFWl9+3Pd+ZMMTpURWItBQvwxVKNsm61cgetkkT8iUAX
                         h8O4Jlt3WLboCqC2xOpi/mP4IvcIxG4cOE0KZkywGkD5Wp6hpalu2Xti+jIx5AdirQUEIHGSrIxxk663NlgYl/z8UhaRsz
                         p4Be84iwZM5JnEU2nMKbxyDWdXKBFm44tsycOyOMRMyEvjAN/Qrl1VETF7NwIOamiYyhodd8rT3uibyYC9sI/xaHJyemaX
                         hvfTGUcRnUbZeHV9sWzY+pP1aMjgfH17ZLvxFqo/JcV5zyrmPsK/5jVCGRxKSeuWNx5j5rZ/aoOjhGIqbQp90iw2DymJFU
                         p8aR36ZBGdqoa4tlIu1ZDsNLuDtyKM3plEGZW50N4Dhgq0FFwJzpzakssWPWkExY0VEcPCbVd/fQhTrpo6vrVqnxuGaMlE
                         fFOPXgp42eHiw/ZDuZ93piv5mCUIJHv6U50i1E4z34TbHJMJTBtUWG41bWRfoYcNSAyr+7wcdmSZlxcA9NNw7KqEJxOuyG
                         Yk4IwfI+ACA9EIYcZq1NqdTM90ZlBdYMvPl/AciHL5Iw824RIFv0xZdSFe310cefxUpYJDQHwnk+85IfFJkFyE1If4u5Y3
                         MPu0OGo++RvsEzTtJCW+tx45oxRjmfVew=
Private MAC            : 925g0665265a2773111dr40e9c961uh1i4zl1y57690212827r1l6336a088o0y5

2021-10-08 01:23:13 - 192.0.2.10:35083
Digging on kxwyobmq.invalid...
WinSCP Sessions


Source   : kxwyobmq.invalid\nicole.pinson
Session  : Default%20Settings
Hostname :
Username :
Password :

Source   : kxwyobmq.invalid\nicole.pinson
Session  : pinson@rmkhdjol.invalid
Hostname : rmkhdjol.invalid
Username : pinson
Password : ondfstykeycan
2021-10-08 01:42:21 - 192.0.2.114:33820
Digging on ocsbcjlh.invalid...
2021-10-08 01:43:51 - 192.0.2.41:38473
Digging on yybnxnxe.invalid...
2021-10-08 01:51:38 - 192.0.2.198:33458
Digging on emvhirmb.invalid...
2021-10-08 02:05:22 - 192.0.2.91:37202
Digging on eookgwtf.invalid...
WinSCP Sessions


Source   : eookgwtf.invalid\ashby.patricia
Session  : Default%20Settings
Hostname :
Username :
Password :




PuTTY Sessions


Source   : eookgwtf.invalid\ashby.patricia
Session  : hjirnwat.invalid
Hostname : patricia@hjirnwat.invalid
Keyfile  : C:\Users\ashby.patricia\Documents\Putty Keys\key-hjirnwat.invalid.ppk

Source   : eookgwtf.invalid\ashby.patricia
Session  : dncwhvtk.invalid
Hostname : pashby@dncwhvtk.invalid
Keyfile  : C:\Users\ashby.patricia\Documents\Putty Keys\key-dncwhvtk.invalid.ppk




PuTTY Private Key Files (.ppk)


Source                 : eookgwtf.invalid
Path                   : C:\Users\ashby.patricia\Documents\Putty Keys\key-hjirnwat.invalid.ppk
Protocol               : ssh-rsa
Comment                : rsa key for patricia on hjirnwat.invalid
Private Key Encryption : aes256-cbc
Private Key            : UB9SKL4abuPn9ShfBN23ZxlQVqaYtcLKoEk7ZcSQCfRsAhmPf1AJMoIDFTxvQjkZ77LLKip9LeZSavmUaq63U6Tbi7/9mF
                         Q1fe1hkmTBXLwrtra5+10xyno3xftMzALXJkC1PJy5PsRtiaMQg/+wEih35wEHX8S/CVybpV9Xfyj84fwsR50VgN+eAR0A
                         Ulp0hwpesOKtni5v3x4gHc4E+DMV2yY5MEw/DUuyrOgNxAscydv2bXdhP5IyQCGoSKq3K2/ba23y0clgYvRisa/qLbPCcP
                         2Juufyqcs8IzCaAOPn4wEA3Cd2JRax/2hJOsa0TECiFHFCW0qoZprF4GSQNMhcD5qlyaX3wokN81PWVWgPrEe3mzR/aIAh
                         gJe1NTvLkrWP+4GSHHcal4Iey5QaByknxgPRzzugfYMTzHHnj55L2RVSJF1+0bK7CL1MNVqXYSbc1g4vWb3myabUXqIxzA
                         bdNYyZ7/94xLWLzu6hf9LJ+nqtfiiV5rycZW4H91D5zqJTJSfaS51L0wA7lF729LL6PKrqpoPF0rPgGpYGcUyMyLVAuHdP
                         McO3/WYSIezOtI+74tVO6NgxI8hEVZ8hepuNtGecczQlK3LjSXWkX9pWSPvgZmSR5Pi2kGu8RLnDG1corrkg8nvqrIeLpQ
                         qGQCmYF0DM7vTarPW6LT0Juj0d0Epp0t4Obh4bd3GLJBswfK3T/C8Oa9vNeVYclCOE/HDJHMXglmc5ptu1Lb2nhxqW6pla
                         rKVhZmt9BKSiKqx//EGMYn2QjpH99f0BI8EJ6cpSiV5TvvOTzQ9eHt0E6ZccNZPTQQyLiLjZMKvZkaFG38RmgFaYGIGpwO
                         gCcVVaRWFGpeAeggcfRCCXCE8hbkbkrdqiCWsiktN/oFyH8Clb
Private MAC            : 237m4445383h8641180yk08m8i935ik2m2nu6w06261944372q1s0939e068l4w6

Source                 : eookgwtf.invalid
Path                   : C:\Users\ashby.patricia\Documents\Putty Keys\key-dncwhvtk.invalid.ppk
Protocol               : ssh-rsa
Comment                : rsa key for pashby on dncwhvtk.invalid
Private Key Encryption : aes256-cbc
Private Key            : EP7SYO6ejjIe9ClbDM05UmwKPneYwkHLlYw4SzOIWfVwMdsKe5JUIaPHJNqjLexQ27DJNkk1KlPBwywCeh09M1Hus0/6gG
                         D5kt3lyxETFOvvgpr3+97qfyz3izpNqHXZFpD3KYc9HrCywlIUj/+tBok26rINV8P/FKjxeV1Ummx55tiuD07EhL+dFE4D
                         Ehy2xfuuhFIkoa3w7m9aRg6I+KIM1gK2DJl/ZZzgwQoHkDzhwyq5hMcmN3FhCZWkJCi1H5/es46q0qthQfUkps/xSrBFeA
                         3Mjquxncq8VyStDMVv6lJV7No6DWbl/5gEMxm8RWQhYWRKK2umLeuR1TWEUBkaC2hgkkV2csrP90CERKlUiVx7flO/nQKs
                         hHs3JRtUteBX+8NVGKjgm5Bqg8PuKjymppQPzwdtoZRBmMPty65X2DGFJU7+5nV4XX3MNCoMEBro3t4gQa8niqaYTvZllT
                         oeJAhR3/78pKUJih7ys9WU+kttqloW4dxgYD1H80W2hyMSEPhcH64T1nJ7rR232UY8CYsnhoTU6gBfOnKMnJtPfVTRjUpR
                         GaV0/TVPRtwKtR+08xEY3AuuL4qVOO0ywtaBxUazspHoL7FxESAqM6fHDTonOeSW6Ky7jWc0MVhDI2rtlmnt7jairEhJpB
                         aPTOtAN0XX5sFsaZW1TV6Bwm7r7Rxf9u4Bnh9bh0TASDscuV8Z/Y0Ah3tYeCLgnDED/FUQPFHvtsi0fac4It5bdgbF3wfd
                         eBAfDea7XSExZbv//NAQHd2YvkQ76b0EI0IK7maCmP0RmkULhW2xCq1V7FwiDTPYTTmYzJnXQAyZhyJW98MteAsUKNXnaN
                         hByQHnHRNCbeJolsupOLWONI6hurqkegbkBVovzqA/rGjU5Ttb
Private MAC            : 075t2831251f4581936pk28i0y875hs4w7dc2p23759574893e3g9011g806a5n9

2021-10-08 02:09:57 - 192.0.2.172:38922
Digging on ccxzgwdj.invalid...
WinSCP Sessions


Source   : ccxzgwdj.invalid\diane.workman
Session  : Default%20Settings
Hostname :
Username :
Password :
2021-10-08 02:10:08 - 192.0.2.209:39394
Digging on rfdzqtuo.invalid...
WinSCP Sessions


Source   : rfdzqtuo.invalid\dickson.robert
Session  : Default%20Settings
Hostname :
Username :
Password :

Source   : rfdzqtuo.invalid\dickson.robert
Session  : robert@yhavqqgc.invalid
Hostname : yhavqqgc.invalid
Username : robert
Password : cnmvjzypagdek

Source   : rfdzqtuo.invalid\dickson.robert
Session  : rdickson@hfzbcfnj.invalid
Hostname : hfzbcfnj.invalid
Username : rdickson
Password : rqfskaecwomag

Source   : rfdzqtuo.invalid\dickson.robert
Session  : rdickson@gclhyibs.invalid
Hostname : gclhyibs.invalid
Username : rdickson
Password : rceqwgwfxkdpj

Source   : rfdzqtuo.invalid\dickson.robert
Session  : dickson@jtagfgam.invalid
Hostname : jtagfgam.invalid
Username : dickson
Password : ixiglzowgpoqe




PuTTY Sessions


Source   : rfdzqtuo.invalid\dickson.robert
Session  : fyrtuwzz.invalid
Hostname : robert@fyrtuwzz.invalid
Keyfile  : C:\Users\dickson.robert\Documents\Putty Keys\key-fyrtuwzz.invalid.ppk

Source   : rfdzqtuo.invalid\dickson.robert
Session  : flwykbob.invalid
Hostname : rdickson@flwykbob.invalid
Keyfile  : C:\Users\dickson.robert\Documents\Putty Keys\key-flwykbob.invalid.ppk




PuTTY Private Key Files (.ppk)


Source                 : rfdzqtuo.invalid
Path                   : C:\Users\dickson.robert\Documents\Putty Keys\key-fyrtuwzz.invalid.ppk
Protocol               : ssh-rsa
Comment                : rsa key for robert on fyrtuwzz.invalid
Private Key Encryption : none
Private Key            : GEAQOUdyOrm/R+UxQALkW+PpO8sENEw8mjXjoeQ73QmqgOOsCY01zcI0rM6aPIR0mSyTeVbuCqKby4AwRbp1Lb6M7MsRbO
                         lF4MD/IzVKlz53VPPKBTW3xM1Q3+C33nUxYQaRovprydgAqOguXBGHDA+r62s8wq4UsGXR0r2ATLyr9QiwhgwOvJNSuUN1
                         9pmEW//0bSIE9dRNosOjjjO8ZybQbs4ViLK8Z3xefNerr+B7j4fSOy5+4Lz+YUQDeGNDOaANgxtVQOdb74kpktxqL2rQNP
                         l0P4Zcu1IBqiOvH2qFca/xE3UdkJeB5fKV8OYpyuXwK6Vn7jgbpw4Jrp+cPo6XgzqBTLQYZHmYask518QojBw/q4DyqXhz
                         l2Js24icVK5ImZW3iUYvidKIhKNJKq40wiagRzGUADzKptDT/Rei6WEMZ8MiUYxwtEgjnrq5hX3svavYU3hM/fhNRlepiF
                         iwmBXUoEySzNnUZ4wJeN+yC7nJrjqS61NEgwOsw/QtI9ujkcRxV/6qAROTzSHbgMUb4j4qT/wxHedAJyhOp33vc9YakFTW
                         q6jT44USSgyje7ipRm4COcQWcNygBO7mjKGDN86P8Faso5SHoDjokmsqpFLKjKtE4IOxMJdBi/tHwUffw2odJywpjGlGiS
                         bZQZOpw89lBys/BWeN03bhq5pWPIPJl2D68h8S3v50LvAQBMUXxPWP26zXAouFuINHeq+8uljcAKvinG3NGg4RcOKjYnrU
                         Oe4AwjA+XDD0HWSsMn8ZptLY76EhQvYLqUe/UmgJY5Yl237JSSm4yRoOWd141cpthQmGXWRAsbj+31GgQRpUnZ6Jn1u6V0
                         LKi9XLd++BvdDhTmSLB+pe95lfCzrjTro=
Private MAC            : 726u3706295t0868400cr89t5m246xj8m4ea3o51247814355g7g1232w675y1b0

Source                 : rfdzqtuo.invalid
Path                   : C:\Users\dickson.robert\Documents\Putty Keys\key-flwykbob.invalid.ppk
Protocol               : ssh-rsa
Comment                : rsa key for rdickson on flwykbob.invalid
Private Key Encryption : none
Private Key            : GCTTZWsqLtt/G+RtSBRzW+KsE2pUYCd5wbYyonR16BdinTOdCM10mlJ1lH0nUMG5oWvMfIyiFdWhl9UbPiy5Wt2X5VaUnT
                         uI4CX/DvYOey57FAQJZNS3kA4L4+M18zThVUuHjhtmsjtJrWnsWBJDWC+w15n0gd6LfIYJ8a4VZDre2ViujzqSuJJTvUP4
                         0onAE//9hQKG4bVMpfTlcoZ8HvzUxc1TjJO2S3fdaXwku+L3q4zODo6+0Ee+OHQVeJERTvEKnszXDDxl95ypkhtpJ4dUYL
                         g5O2Zht7SFlqMrM3jAvq/aR8QdkZsZ0fPP3ZEugjEpH0Oy1zpyki0Xzi+lCh4TyjbZFFSRRHbIydv454LvjLd/c3CvvJvm
                         q7Sa91svLT2RwNA7eQDcntVNcKRPNz31xctjRqTHEAqQozES/Vdy0BDTZ8YcDLfasAsvgwq2yY1uvzgNP5aS/erJRaszkS
                         hzuHYNeXnSwWkXH9bZpD+vE9xTbxqC05KBggUig/UcS7gqwlMoC/0fDEZZgIYknLRt1m1dV/xmKpxSLupBq79an9GfnSCM
                         n6mW08WNMvtuo8cgIr6LSqHGgQzzNV7jsHCAN08F5Djlt7NNwIjkdyztaZHZmRyT4QDfYMeJg/uAtIfbv3wdZmzltIuTvE
                         zIGYDef45oZog/UJlA81lfu7bHYWRUa5R27u0Q9v37HuJJHCKZeHSO32hVMflSgDMGdx+3lbibZNzlwG7ERr0NqRThLpaB
                         Kx3YnmM+UWG2KGQnEn8VlfXJ76NpKyCTnSs/XcsGM1Jn306FWFn8oJuJWg428qgleQgIZSZHcdf+34HoQTeQiX1Vp8h9V7
                         IAa1VXg++KkkAqNqZLA+ld29yjFwpqVmx=
Private MAC            : 247d1299410r0766711ai90h3i801my7h3br1c40503478990h1y9890h153t5u0

2021-10-08 02:12:17 - 192.0.2.120:37061
Digging on mfyxtapq.invalid...
PuTTY Sessions


Source   : mfyxtapq.invalid\marilyn
Session  : wjhadbas.invalid
Hostname : malexander@wjhadbas.invalid
Keyfile  : C:\Users\marilyn\Documents\Putty Keys\key-wjhadbas.invalid.ppk

Source   : mfyxtapq.invalid\marilyn
Session  : zoyzldwn.invalid
Hostname : alexander@zoyzldwn.invalid
Keyfile  : C:\Users\marilyn\Documents\Putty Keys\key-zoyzldwn.invalid.ppk




PuTTY Private Key Files (.ppk)


Source                 : mfyxtapq.invalid
Path                   : C:\Users\marilyn\Documents\Putty Keys\key-wjhadbas.invalid.ppk
Protocol               : ssh-rsa
Comment                : rsa key for malexander on wjhadbas.invalid
Private Key Encryption : aes256-cbc
Private Key            : NE3PDB7vvgSo6RdkZM39JzrRBzaNedPEoEd2GyEGSpZiEgkYm0YSIaIFZPzgXxtR01BYGma3NnPVnzbVof67E8Hvk6/5uV
                         A6ke1wudYLWKxacjc8+08ltlv3gvuUsOXKKqC6KNg9MzYlehTEz/+dFtf45jCFF1O/YOgqcQ8Qned72qfgT12QeP+dXU3T
                         Uhe6pxdxsANqmy0m7n6mPt2H+YTK8rA6MSi/AKrciTxRcHyllzo0sIcoX3TrXIHeRWa2Q6/lu93e1mppTjQtfn/mChNWkS
                         3Bslnhyqo3QaMuLDQr2kUQ2Wv6MLlr/7rNMki7EZKbMOOES8deZpjJ2MGIQHpcP2grqrF6ygdJ24PNSVaZpSw2xaU/uXMh
                         lMu1TMmTfzKU+1WYBAahn6Umb7PcOkfsipCAupktbDRBxCRcu39Z9OSDTO0+2kP2ZC0KTZqOKQgh5r0dWe6wmuvQHtCnmA
                         raCPgO1/33gFOUpm1tl1VW+flbtbpC0taqSO4E75S6xaUGGMcnT10D0eR7aD466RJ9ONlrmaHR5cUgSuPFrSyQoPJAlQfA
                         RvE0/FVSUtwUcE+96wLF9SrrB7tGQL8ppnkLaGhpvrTqZ3FgDHImO3oNKSqiXfWI2Ur5fZk9HNnJQ1tgowqh9eteqHmJiC
                         jSFAvXE1YI6wVizER0TG4Vxd7p8Onr0y9Mnq9hk4DIQHfhdH0Z/W4Lx9gSlZLilHOW/FDDIRZpwpn9znu7Pb5ruddR7jtr
                         dWXyUcz1EIAfSad//UOZYp9KtsZ82b3JV8RK0riGsX1ErbGYxU5kCw4G4ExjNGFMLTpDgOvYIQaVvcUQ13TjjWgABOQesZ
                         sCmPKdSDRRvnOgatnvSCHUVJ6ehrhayxlcJXbyhnC/cWgZ2Vqk
Private MAC            : 983s5317760c8216055zt23j9z718ue1e5nc7q95209291919e3i6136i841z5z5

Source                 : mfyxtapq.invalid
Path                   : C:\Users\marilyn\Documents\Putty Keys\key-zoyzldwn.invalid.ppk
Protocol               : ssh-rsa
Comment                : rsa key for alexander on zoyzldwn.invalid
Private Key Encryption : none
Private Key            : PZGLXDbeHex/Z+LlJBAgF+WeQ4pBWJs5hbWegpH42IqzsUUrSO38lwK3gO1qVID3fAiZnGmvAhUjp0RyJoy1Hv9X9OvWdW
                         vK4AO/XhWCfo02RVVFBTP4bN0L0+L06qRfMPmEqxqktcvQvMvqTNEKMQ+f81m6zh5GqXZQ6w7DTKhe0AzdsxjHkELCvBU3
                         5ivQC//3lTXD8gITaiKzjqD4HqpOhh2GmSD3B0fpuQaow+K9b4mAGa3+3By+YEMGiRTNNoZCjeeBQIbn18zubiygR5gPBD
                         s0W2Nqg4GSeuZyI8bGnv/aV1ChrUpD2bLA6NLkwyBhC1Jv1kqxmf0Fpe+cRx0JgsaLOVHALLeEryz626LqwQp/p2IamOkz
                         e0Yk40mcAN9DqPK2yJHuyaUHuDKTGa83ojgcSuFOZIjFmmCN/Mih8DXBH7LaJVumlFllypx0gW1igmtGI7bG/sfXFqdtzJ
                         ttxSEUrFsQmKlBQ5eWtE+mV7oSbnbY37GPiaQfo/ZdN6wzacRdX/5xFUCNkNOrsTVm9y5kR/nmTfkUVcxPj31uc8RmpFVT
                         w8gU24PZXtzsu0laLc2VUhGWvFbyTG7fwYIUJ62T5Ythc4KSiPinaqhucJCCzKeX1CSrSSqVv/mYcCufi8blInrnaRyTdV
                         aHHBSua28iUzm/CVbS04gkb2yDNXKSr3F55w5M7b81WoQRDGPQnBDD59mACppZsMPWec+7mrkrFBfcxQ5FTk0BhWUaGvqX
                         Fr4NtlJ+GQX6TKVzBj0WinAV01YwYgUKhMr/WryYK0Sd756IKAs0rHpHJi384fcxvRbXWCIZhqc+78PkXMfLbX2On5s6L0
                         OCw6IVz++UhuEhYrOIP+cz80nyEvdmAnn=
Private MAC            : 462q6656588v6794026hl72o6p297ea0k7qs1k65143503738c3z8425w622r5k5

2021-10-08 02:14:49 - 192.0.2.222:38519
Digging on syqidtnc.invalid...
2021-10-08 02:14:57 - 192.0.2.43:38555
Digging on wqxelubn.invalid...
2021-10-08 02:30:39 - 192.0.2.60:35545
Digging on lytdknnv.invalid...
WinSCP Sessions


Source   : lytdknnv.invalid\tiffany.mitchell
Session  : Default%20Settings
Hostname :
Username :
Password :

Source   : lytdknnv.invalid\tiffany.mitchell
Session  : mitchell@cobxuvuk.invalid
Hostname : cobxuvuk.invalid
Username : mitchell
Password : fsfjkeponjaxm




PuTTY Sessions


Source   : lytdknnv.invalid\tiffany.mitchell
Session  : zstfryie.invalid
Hostname : mitchell@zstfryie.invalid
Keyfile  : C:\Users\tiffany.mitchell\Documents\Putty Keys\key-zstfryie.invalid.ppk




PuTTY Private Key Files (.ppk)


Source                 : lytdknnv.invalid
Path                   : C:\Users\tiffany.mitchell\Documents\Putty Keys\key-zstfryie.invalid.ppk
Protocol               : ssh-rsa
Comment                : rsa key for mitchell on zstfryie.invalid
Private Key Encryption : aes256-cbc
Private Key            : KI1UGH1pfrKj6FmrAO57UpiPAqfKgpJPoWr9CaRHIoQlYbcHp5IGRfUXLUnqDkbO68BYXut0JtZPwnmGnb22B5Mgw5/6cL
                         A2jb7jfhNKLRjmgyu6+49jqvd5kmuHpDRBUpV9HKu5RfWoejDAh/+bMrl15fUZJ3W/GXbygX0Vzxb77fhlL81EzA+vEL6A
                         Ysg3wofmaFNdeh2g3j1dDp9V+MEL0iH8NDm/LNdqeOyObNeplow2pVnbU5AhPXUtSHq0V0/co73t6xplOjDmvy/jDaJRpZ
                         4Maeltqrd0SvWyUEJi5pGA0Ss6LTng/9sVWjg7OSRaZSZDC5zsUkvO3ALEZYeiL2vzjeJ4ednE13CPGOeRqQe3koU/jLRc
                         cWc5AUjTxsQP+2EHQOhvt6Zqq9JgMvtljmAWgjrzfGNIgSFdr48R0TQTSZ9+6lU9MF7ESRmGLLgr9f5eQk1qobuINcQlrC
                         mwXSmB1/60yQGJuk0fb0VL+cpewvwC3exsUD5I77C1xuJTDOjmR33Y4bA9bF019MZ6DGsxpfNV7rLxApQNiHxBmLDQmYpV
                         SoI7/UFWEkcInD+06wBA8AykZ6pDAU3qopbZcJdehoXeX4WtJXYtF7nWLDhtIyDQ9Lf2yIa2NCxJJ0gyoybg9ykyiJtZvM
                         eWBXyDK0KA9mBudJR5JZ0Ukl6k2Ckn9i6Mph6ai2CKMIjdjZ1U/E9Hj3pNxHGwlRQZ/UFBAQAelrf5dpn9Ln5fzsrR0dkz
                         wUYwTxn1KHXiGhn//ZUTVa2KmqF37i0TF2MZ0enGgY7RujQYxB6cEe9D6YmhUGGQFXsCuJgTNMlIbsYX99DghEaBQHNsqP
                         fKpXElRPNEwbKeonkdVVRZRS9yljvkhlmbDByrsiV/bUsH2Skm
Private MAC            : 243b6977986b3969689wq27o0n333cs8k0ah2j87063277754y7n7375z611x3d7

